This is XeTeX, Version 3.1415926-2.2-0.9997.4 (MiKTeX 2.9) (preloaded format=xelatex 2011.10.11)  2 DEC 2011 17:36
entering extended mode
**E:/3*PhD*-*Optimized*Buildings*for*Smart*Grids/2*Publications/99_PhD/IDEAS*Sp
ecifications/templates/frontpage/templates/frontpage.tex

("E:/3 PhD - Optimized Buildings for Smart Grids/2 Publications/99_PhD/IDEAS Sp
ecifications/templates/frontpage/templates/frontpage.tex"
LaTeX2e <2009/09/24>
Babel <v3.8l> and hyphenation patterns for english, afrikaans, ancientgreek, ar
abic, armenian, assamese, basque, bengali, bokmal, bulgarian, catalan, coptic, 
croatian, czech, danish, dutch, esperanto, estonian, farsi, finnish, french, ga
lician, german, german-x-2009-06-19, greek, gujarati, hindi, hungarian, iceland
ic, indonesian, interlingua, irish, italian, kannada, kurmanji, lao, latin, lat
vian, lithuanian, malayalam, marathi, mongolian, mongolianlmc, monogreek, ngerm
an, ngerman-x-2009-06-19, nynorsk, oriya, panjabi, pinyin, polish, portuguese, 
romanian, russian, sanskrit, serbian, slovak, slovenian, spanish, swedish, swis
sgerman, tamil, telugu, turkish, turkmen, ukenglish, ukrainian, uppersorbian, u
senglishmax, welsh, loaded.

("E:\3 PhD - Optimized Buildings for Smart Grids\2 Publications\99_PhD\IDEAS Sp
ecifications\templates\frontpage\templates\svmono.cls"
Document Class: svmono 2009/12/17 v5.5 
Springer Verlag global LaTeX document class for monographs
Class Springer-SVMono Info: extra/valid Springer sub-package 
(Springer-SVMono)           not found in option list - using "global" style.
("C:\Program Files\MiKTeX\tex\latex\base\article.cls"
Document Class: article 2007/10/19 v1.4h Standard LaTeX document class
("C:\Program Files\MiKTeX\tex\latex\base\size10.clo"
File: size10.clo 2007/10/19 v1.4h Standard LaTeX file (size option)
)
\c@part=\count80
\c@section=\count81
\c@subsection=\count82
\c@subsubsection=\count83
\c@paragraph=\count84
\c@subparagraph=\count85
\c@figure=\count86
\c@table=\count87
\abovecaptionskip=\skip41
\belowcaptionskip=\skip42
\bibindent=\dimen102
)
\svparindent=\dimen103
\betweenumberspace=\dimen104
\headlineindent=\dimen105
\c@chapter=\count88
\mottowidth=\dimen106
\svitemindent=\dimen107
\verbatimindent=\dimen108
\tocchpnum=\dimen109
\tocsecnum=\dimen110
\tocsectotal=\dimen111
\tocsubsecnum=\dimen112
\tocsubsectotal=\dimen113
\tocsubsubsecnum=\dimen114
\tocsubsubsectotal=\dimen115
\tocparanum=\dimen116
\tocparatotal=\dimen117
\tocsubparanum=\dimen118
\foot@parindent=\dimen119
\spthmsep=\dimen120
\c@theorem=\count89
\c@case=\count90
\c@conjecture=\count91
\c@corollary=\count92
\c@definition=\count93
\c@example=\count94
\c@exercise=\count95
\c@lemma=\count96
\c@note=\count97
\c@problem=\count98
\c@property=\count99
\c@proposition=\count100
\c@question=\count101
\c@solution=\count102
\c@remark=\count103
\c@prob=\count104
\instindent=\dimen121
\figgap=\dimen122
\bildb@x=\box26
\figcapgap=\dimen123
\tabcapgap=\dimen124
\c@merk=\count105
LaTeX Info: Redefining \abstract on input line 1894.
)
("C:\Program Files\MiKTeX\tex\latex\graphics\color.sty"
Package: color 2005/11/14 v1.0j Standard LaTeX Color (DPC)

("C:\Program Files\MiKTeX\tex\latex\00miktex\color.cfg"
File: color.cfg 2007/01/18 v1.5 color configuration of teTeX/TeXLive
)
Package color Info: Driver file: xetex.def on input line 130.

("C:\Program Files\MiKTeX\tex\xelatex\xetex-def\xetex.def"
File: xetex.def 2009/11/22 v0.94 LaTeX color/graphics driver for XeTeX (RRM/JK)

))
("C:\Program Files\MiKTeX\tex\latex\framed\framed.sty"
Package: framed 2007/10/04 v 0.95: framed or shaded text with page breaks
\fb@frw=\dimen125
\fb@frh=\dimen126
\FrameRule=\dimen127
\FrameSep=\dimen128
)
("E:\3 PhD - Optimized Buildings for Smart Grids\2 Publications\99_PhD\IDEAS Sp
ecifications\templates\frontpage\templates\thesispreamble.tex"
("C:\Program Files\MiKTeX\tex\latex\amsfonts\amssymb.sty"
Package: amssymb 2009/06/22 v3.00

("C:\Program Files\MiKTeX\tex\latex\amsfonts\amsfonts.sty"
Package: amsfonts 2009/06/22 v3.00 Basic AMSFonts support
\@emptytoks=\toks14
\symAMSa=\mathgroup4
\symAMSb=\mathgroup5
LaTeX Font Info:    Overwriting math alphabet `\mathfrak' in version `bold'
(Font)                  U/euf/m/n --> U/euf/b/n on input line 96.
))
("C:\Program Files\MiKTeX\tex\latex\siunits\SIunits.sty"
Package: SIunits 2007/12/02 v1.36 Support for the International System of units
 (MH)


\@qskwidth=\skip43
\symgreek=\mathgroup6
("C:\Program Files\MiKTeX\tex\latex\ams\math\amstext.sty"
Package: amstext 2000/06/29 v2.01

("C:\Program Files\MiKTeX\tex\latex\ams\math\amsgen.sty"
File: amsgen.sty 1999/11/30 v2.0
\@emptytoks=\toks15
\ex@=\dimen129
))
("C:\Program Files\MiKTeX\tex\latex\siunits\SIunits.cfg")
Option `squaren' provided!
) ("C:\Program Files\MiKTeX\tex\latex\mh\breqn.sty"
("C:\Program Files\MiKTeX\tex\latex\expl3\expl3.sty"
("C:\Program Files\MiKTeX\tex\latex\expl3\l3names.sty"
Package: l3names 2011/01/08 v2122 L3 Experimental Naming Scheme for TeX Primiti
ves
)
Package: expl3 2010/11/13 v2083 L3 Experimental code bundle wrapper

("C:\Program Files\MiKTeX\tex\latex\misc\etex.sty"
Package: etex 1998/03/26 v2.0 eTeX basic definition package (PEB)
\et@xins=\count106
)
("C:\Program Files\MiKTeX\tex\latex\expl3\l3basics.sty"
Package: l3basics 2010/10/03 v2063 L3 Experimental basic definitions
)
("C:\Program Files\MiKTeX\tex\latex\expl3\l3expan.sty"
Package: l3expan 2010/09/20 v2037 L3 Experimental Argument Expansion module
)
("C:\Program Files\MiKTeX\tex\latex\expl3\l3tl.sty"
Package: l3tl 2010/12/18 v2103 L3 Experimental Token Lists
)
("C:\Program Files\MiKTeX\tex\latex\expl3\l3int.sty"
Package: l3int 2011/01/07 v2121 L3 Experimental Integer module
\l_tmpa_int=\count107
\l_tmpb_int=\count108
\l_tmpc_int=\count109
\g_tmpa_int=\count110
\g_tmpb_int=\count111
\c_max_int=\count112
\g_tl_inline_level_int=\count113
)
("C:\Program Files\MiKTeX\tex\latex\expl3\l3quark.sty"
Package: l3quark 2010/09/20 v2036 L3 Experimental Quark Commands
)
("C:\Program Files\MiKTeX\tex\latex\expl3\l3seq.sty"
Package: l3seq 2010/03/29 v1879 L3 Experimental sequences and stacks
)
("C:\Program Files\MiKTeX\tex\latex\expl3\l3toks.sty"
Package: l3toks 2010/09/20 v2037 L3 Experimental Token Registers
\l_tmpb_toks=\toks16
\l_tmpc_toks=\toks17
\g_tmpa_toks=\toks18
\g_tmpb_toks=\toks19
\g_tmpc_toks=\toks20
\c_empty_toks=\toks21
\l_tl_replace_toks=\toks22
)
("C:\Program Files\MiKTeX\tex\latex\expl3\l3prg.sty"
Package: l3prg 2011/01/07 v2121 L3 Experimental control structures
\g_prg_inline_level_int=\count114
)
("C:\Program Files\MiKTeX\tex\latex\expl3\l3clist.sty"
Package: l3clist 2010/10/09 v2071 L3 Experimental comma separated lists
\g_clist_map_inline_int=\count115
)
("C:\Program Files\MiKTeX\tex\latex\expl3\l3token.sty"
Package: l3token 2010/10/03 v2063 L3 Experimental token investigation and manip
ulation
)
("C:\Program Files\MiKTeX\tex\latex\expl3\l3prop.sty"
Package: l3prop 2010/11/23 v2087 L3 Experimental Property Lists
\g_prop_inline_level_int=\count116
)
("C:\Program Files\MiKTeX\tex\latex\expl3\l3msg.sty"
Package: l3msg 2010/10/02 v2052 L3 Experimental LaTeX Messages module
\l_msg_redirect_classes_prop=\toks23
\l_msg_redirect_names_prop=\toks24
\l_msg_redirect_fatal_prop=\toks25
\l_msg_redirect_error_prop=\toks26
\l_msg_redirect_warning_prop=\toks27
\l_msg_redirect_info_prop=\toks28
\l_msg_redirect_log_prop=\toks29
\l_msg_redirect_trace_prop=\toks30
\l_msg_redirect_none_prop=\toks31
)
("C:\Program Files\MiKTeX\tex\latex\expl3\l3io.sty"
Package: l3io 2010/10/03 v2063 L3 Experimental i/o module
\g_iow_streams_prop=\toks32
\g_ior_streams_prop=\toks33
\l_iow_stream_int=\count117
)
("C:\Program Files\MiKTeX\tex\latex\expl3\l3skip.sty"
Package: l3skip 2011/01/07 v2121 L3 Experimental skip registers
\l_tmpa_skip=\skip44
\l_tmpb_skip=\skip45
\l_tmpc_skip=\skip46
\g_tmpa_skip=\skip47
\g_tmpb_skip=\skip48
\l_tmpa_dim=\dimen130
\l_tmpb_dim=\dimen131
\l_tmpc_dim=\dimen132
\l_tmpd_dim=\dimen133
\g_tmpa_dim=\dimen134
\g_tmpb_dim=\dimen135
)
("C:\Program Files\MiKTeX\tex\latex\expl3\l3box.sty"
Package: l3box 2010/09/26 v2048 L3 Experimental Box module
\l_tmpb_box=\box27
)
("C:\Program Files\MiKTeX\tex\latex\expl3\l3keyval.sty"
Package: l3keyval 2010/04/11 v1890 L3 Experimental keyval processing
\l_KV_level_int=\count118
)
("C:\Program Files\MiKTeX\tex\latex\expl3\l3keys.sty"
Package: l3keys 2010/11/11 v2082 L3 Experimental key-value support
\l_keys_choice_int=\count119
)
("C:\Program Files\MiKTeX\tex\latex\expl3\l3precom.sty"
Package: l3precom 2010/02/09 v1793 L3 Experimental precompilation module
\g_gen_sym_int=\count120
\g_ggen_sym_int=\count121
)
("C:\Program Files\MiKTeX\tex\latex\expl3\l3xref.sty"
Package: l3xref 2010/02/09 v1786 L3 Experimental cross referencing
\g_xref_all_curr_immediate_fields_prop=\toks34
\g_xref_all_curr_deferred_fields_prop=\toks35
)
("C:\Program Files\MiKTeX\tex\latex\expl3\l3file.sty"
Package: l3file 2010/03/21 v1853 L3 Experimental file loading
)
("C:\Program Files\MiKTeX\tex\latex\expl3\l3fp.sty"
Package: l3fp 2011/01/10 v2128 L3 Experimental floating-point operations
\c_one_million=\count122
\c_one_hundred_million=\count123
\c_five_hundred_million=\count124
\c_one_thousand_million=\count125
\c_fp_pi_by_four_decimal_int=\count126
\c_fp_pi_by_four_extended_int=\count127
\c_fp_pi_decimal_int=\count128
\c_fp_pi_extended_int=\count129
\c_fp_two_pi_decimal_int=\count130
\c_fp_two_pi_extended_int=\count131
\l_fp_count_int=\count132
\l_fp_div_offset_int=\count133
\l_fp_exp_integer_int=\count134
\l_fp_exp_decimal_int=\count135
\l_fp_exp_extended_int=\count136
\l_fp_exp_exponent_int=\count137
\l_fp_input_a_sign_int=\count138
\l_fp_input_a_integer_int=\count139
\l_fp_input_a_decimal_int=\count140
\l_fp_input_a_exponent_int=\count141
\l_fp_input_b_sign_int=\count142
\l_fp_input_b_integer_int=\count143
\l_fp_input_b_decimal_int=\count144
\l_fp_input_b_exponent_int=\count145
\l_fp_input_a_extended_int=\count146
\l_fp_input_b_extended_int=\count147
\l_fp_mul_a_i_int=\count148
\l_fp_mul_a_ii_int=\count149
\l_fp_mul_a_iii_int=\count150
\l_fp_mul_a_iv_int=\count151
\l_fp_mul_a_v_int=\count152
\l_fp_mul_a_vi_int=\count153
\l_fp_mul_b_i_int=\count154
\l_fp_mul_b_ii_int=\count155
\l_fp_mul_b_iii_int=\count156
\l_fp_mul_b_iv_int=\count157
\l_fp_mul_b_v_int=\count158
\l_fp_mul_b_vi_int=\count159
\l_fp_mul_output_int=\count160
\l_fp_output_sign_int=\count161
\l_fp_output_integer_int=\count162
\l_fp_output_decimal_int=\count163
\l_fp_output_exponent_int=\count164
\l_fp_output_extended_int=\count165
\l_fp_round_position_int=\count166
\l_fp_round_target_int=\count167
\l_fp_split_sign_int=\count168
\l_fp_tmp_int=\count169
\l_fp_trig_octant_int=\count170
\l_fp_trig_sign_int=\count171
\l_fp_trig_decimal_int=\count172
\l_fp_trig_extended_int=\count173
\l_fp_tmp_dim=\dimen136
\l_fp_tmp_skip=\skip49
)
("C:\Program Files\MiKTeX\tex\latex\expl3\l3luatex.sty"
Package: l3luatex 2010/07/18 v1985 L3 Experimental LuaTeX functions
\g_cctab_allocate_int=\count174
\g_cctab_stack_int=\count175
)
("C:\Program Files\MiKTeX\tex\latex\tools\calc.sty"
Package: calc 2007/08/22 v4.3 Infix arithmetic (KKT,FJ)
\calc@Acount=\count176
\calc@Bcount=\count177
\calc@Adimen=\dimen137
\calc@Bdimen=\dimen138
\calc@Askip=\skip50
\calc@Bskip=\skip51
LaTeX Info: Redefining \setlength on input line 76.
LaTeX Info: Redefining \addtolength on input line 77.
\calc@Ccount=\count178
\calc@Cskip=\skip52
))
Package: breqn 2009/08/07 v0.98a Breaking equations

("C:\Program Files\MiKTeX\tex\latex\mh\flexisym.sty"
Package: flexisym 2010/09/17 v0.97b Make math characters macros
LaTeX Info: Redefining \textprime on input line 296.
LaTeX Info: Redefining \not on input line 354.

("C:\Program Files\MiKTeX\tex\latex\mh\cmbase.sym"
File: cmbase.sym 2007/12/19 v0.92
LaTeX Info: Redefining \hbar on input line 323.
LaTeX Info: Redefining \surd on input line 325.
LaTeX Info: Redefining \angle on input line 333.
LaTeX Info: Redefining \neq on input line 334.
LaTeX Info: Redefining \mapsto on input line 335.
LaTeX Info: Redefining \cong on input line 336.
LaTeX Info: Redefining \notin on input line 339.
LaTeX Info: Redefining \rightleftharpoons on input line 340.
LaTeX Info: Redefining \doteq on input line 341.
LaTeX Info: Redefining \hookrightarrow on input line 342.
LaTeX Info: Redefining \hookleftarrow on input line 343.
LaTeX Info: Redefining \bowtie on input line 344.
LaTeX Info: Redefining \models on input line 345.
LaTeX Info: Redefining \Longrightarrow on input line 346.
LaTeX Info: Redefining \longrightarrow on input line 347.
LaTeX Info: Redefining \Longleftarrow on input line 348.
LaTeX Info: Redefining \longleftarrow on input line 349.
LaTeX Info: Redefining \longmapsto on input line 350.
LaTeX Info: Redefining \longleftrightarrow on input line 351.
LaTeX Info: Redefining \Longleftrightarrow on input line 352.
LaTeX Info: Redefining \cdots on input line 356.
LaTeX Info: Redefining \vdots on input line 359.
LaTeX Info: Redefining \ddots on input line 364.
)
("C:\Program Files\MiKTeX\tex\latex\mh\mathstyle.sty"
Package: mathstyle 2010/11/17 v0.89
LaTeX Info: Redefining \displaystyle on input line 77.
LaTeX Info: Redefining \textstyle on input line 79.
LaTeX Info: Redefining \scriptstyle on input line 81.
LaTeX Info: Redefining \scriptscriptstyle on input line 83.
))
("C:\Program Files\MiKTeX\tex\latex\graphics\keyval.sty"
Package: keyval 1999/03/16 v1.13 key=value parser (DPC)
\KV@toks@=\toks36
)
\inf@bad=\count179
\maxint=\count180
\listwidth=\dimen139
\eqnumsep=\dimen140
\eqmargin=\dimen141
\eqlinespacing=\skip53
\eqlineskip=\skip54
\eqlineskiplimit=\dimen142
\eqbinoffset=\muskip10
\eqdelimoffset=\muskip11
\eqindentstep=\dimen143
\eqstyle=\toks37
\eqbreakdepth=\count181
\eqinterlinepenalty=\count182
\intereqpenalty=\count183
\intereqskip=\skip55
\prerelpenalty=\count184
\prebinoppenalty=\count185
\Dmedmuskip=\muskip12
\Dthickmuskip=\muskip13
\eqleftskip=\skip56
\eqrightskip=\skip57
\eq@vspan=\skip58
\eq@binoffset=\muskip14
\EQ@box=\box28
\EQ@copy=\box29
\EQ@numbox=\box30
\eq@wdNum=\dimen144
\GRP@numbox=\box31
\grp@wdNum=\dimen145
\eq@lines=\count186
\eq@curline=\count187
\eq@badness=\count188
\EQ@vims=\count189
\eq@dp=\dimen146
\eq@wdL=\dimen147
\eq@wdT=\dimen148
\eq@wdMin=\dimen149
\grp@wdL=\dimen150
\grp@wdR=\dimen151
\grp@wdT=\dimen152
\eq@wdRmax=\dimen153
\eq@firstht=\dimen154
\eq@wdCond=\dimen155
\eq@indentstep=\dimen156
\eq@linewidth=\dimen157
\grp@linewidth=\dimen158
\eq@hshift=\dimen159
\eq@given@sidespace=\dimen160
\mathindent=\dimen161
\eq@final@linecount=\count190
\eq@wdR=\dimen162
\EQ@continue=\toks38
\lr@level=\count191
\GRP@queue=\toks39
\c@parentequation=\count192
\GRP@box=\box32
\GRP@wholebox=\box33
\darraycolsep=\skip59
\cur@row=\count193
\cur@col=\count194
\conditionsep=\skip60
)
("E:\3 PhD - Optimized Buildings for Smart Grids\2 Publications\99_PhD\IDEAS Sp
ecifications\templates\frontpage\templates\dtsyntax.sty.tex"
Package: `dtsyntax' 1.01 <2009/09/24>
Package: dtsyntax 2009/09/24 1.01
dtsyntax: settings optimized for display!
Package color Info: Redefining color blue on input line 87.
Package color Info: Redefining color red on input line 88.
Package color Info: Redefining color green on input line 90.
Package color Info: Redefining color shadecolor on input line 94.
("C:\Program Files\MiKTeX\tex\latex\listings\listings.sty"
\lst@mode=\count195
\lst@gtempboxa=\box34
\lst@token=\toks40
\lst@length=\count196
\lst@currlwidth=\dimen163
\lst@column=\count197
\lst@pos=\count198
\lst@lostspace=\dimen164
\lst@width=\dimen165
\lst@newlines=\count199
\lst@lineno=\count200
\lst@maxwidth=\dimen166

("C:\Program Files\MiKTeX\tex\latex\listings\lstmisc.sty"
File: lstmisc.sty 2007/02/22 1.4 (Carsten Heinz)
\c@lstnumber=\count201
Normal \count register pool exhausted, switching to extended pool.
\lst@skipnumbers=\count277
\lst@framebox=\box35
)
("C:\Program Files\MiKTeX\tex\latex\listings\listings.cfg"
File: listings.cfg 2007/02/22 1.4 listings configuration
))
Package: listings 2007/02/22 1.4 (Carsten Heinz)

("C:\Program Files\MiKTeX\tex\latex\base\textcomp.sty"
Package: textcomp 2005/09/27 v1.99g Standard LaTeX package
Package textcomp Info: Sub-encoding information:
(textcomp)               5 = only ISO-Adobe without \textcurrency
(textcomp)               4 = 5 + \texteuro
(textcomp)               3 = 4 + \textohm
(textcomp)               2 = 3 + \textestimated + \textcurrency
(textcomp)               1 = TS1 - \textcircled - \t
(textcomp)               0 = TS1 (full)
(textcomp)             Font families with sub-encoding setting implement
(textcomp)             only a restricted character set as indicated.
(textcomp)             Family '?' is the default used for unknown fonts.
(textcomp)             See the documentation for details.
Package textcomp Info: Setting ? sub-encoding to TS1/1 on input line 71.

("C:\Program Files\MiKTeX\tex\latex\base\ts1enc.def"
File: ts1enc.def 2001/06/05 v3.0e (jk/car/fm) Standard LaTeX file
LaTeX Font Info:    Redeclaring font encoding TS1 on input line 42.
)
LaTeX Info: Redefining \oldstylenums on input line 266.
Package textcomp Info: Setting cmr sub-encoding to TS1/0 on input line 281.
Package textcomp Info: Setting cmss sub-encoding to TS1/0 on input line 282.
Package textcomp Info: Setting cmtt sub-encoding to TS1/0 on input line 283.
Package textcomp Info: Setting cmvtt sub-encoding to TS1/0 on input line 284.
Package textcomp Info: Setting cmbr sub-encoding to TS1/0 on input line 285.
Package textcomp Info: Setting cmtl sub-encoding to TS1/0 on input line 286.
Package textcomp Info: Setting ccr sub-encoding to TS1/0 on input line 287.
Package textcomp Info: Setting ptm sub-encoding to TS1/4 on input line 288.
Package textcomp Info: Setting pcr sub-encoding to TS1/4 on input line 289.
Package textcomp Info: Setting phv sub-encoding to TS1/4 on input line 290.
Package textcomp Info: Setting ppl sub-encoding to TS1/3 on input line 291.
Package textcomp Info: Setting pag sub-encoding to TS1/4 on input line 292.
Package textcomp Info: Setting pbk sub-encoding to TS1/4 on input line 293.
Package textcomp Info: Setting pnc sub-encoding to TS1/4 on input line 294.
Package textcomp Info: Setting pzc sub-encoding to TS1/4 on input line 295.
Package textcomp Info: Setting bch sub-encoding to TS1/4 on input line 296.
Package textcomp Info: Setting put sub-encoding to TS1/5 on input line 297.
Package textcomp Info: Setting uag sub-encoding to TS1/5 on input line 298.
Package textcomp Info: Setting ugq sub-encoding to TS1/5 on input line 299.
Package textcomp Info: Setting ul8 sub-encoding to TS1/4 on input line 300.
Package textcomp Info: Setting ul9 sub-encoding to TS1/4 on input line 301.
Package textcomp Info: Setting augie sub-encoding to TS1/5 on input line 302.
Package textcomp Info: Setting dayrom sub-encoding to TS1/3 on input line 303.
Package textcomp Info: Setting dayroms sub-encoding to TS1/3 on input line 304.

Package textcomp Info: Setting pxr sub-encoding to TS1/0 on input line 305.
Package textcomp Info: Setting pxss sub-encoding to TS1/0 on input line 306.
Package textcomp Info: Setting pxtt sub-encoding to TS1/0 on input line 307.
Package textcomp Info: Setting txr sub-encoding to TS1/0 on input line 308.
Package textcomp Info: Setting txss sub-encoding to TS1/0 on input line 309.
Package textcomp Info: Setting txtt sub-encoding to TS1/0 on input line 310.
Package textcomp Info: Setting futs sub-encoding to TS1/4 on input line 311.
Package textcomp Info: Setting futx sub-encoding to TS1/4 on input line 312.
Package textcomp Info: Setting futj sub-encoding to TS1/4 on input line 313.
Package textcomp Info: Setting hlh sub-encoding to TS1/3 on input line 314.
Package textcomp Info: Setting hls sub-encoding to TS1/3 on input line 315.
Package textcomp Info: Setting hlst sub-encoding to TS1/3 on input line 316.
Package textcomp Info: Setting hlct sub-encoding to TS1/5 on input line 317.
Package textcomp Info: Setting hlx sub-encoding to TS1/5 on input line 318.
Package textcomp Info: Setting hlce sub-encoding to TS1/5 on input line 319.
Package textcomp Info: Setting hlcn sub-encoding to TS1/5 on input line 320.
Package textcomp Info: Setting hlcw sub-encoding to TS1/5 on input line 321.
Package textcomp Info: Setting hlcf sub-encoding to TS1/5 on input line 322.
Package textcomp Info: Setting pplx sub-encoding to TS1/3 on input line 323.
Package textcomp Info: Setting pplj sub-encoding to TS1/3 on input line 324.
Package textcomp Info: Setting ptmx sub-encoding to TS1/4 on input line 325.
Package textcomp Info: Setting ptmj sub-encoding to TS1/4 on input line 326.
))
("C:\Program Files\MiKTeX\tex\latex\cite\cite.sty"
LaTeX Info: Redefining \cite on input line 302.
LaTeX Info: Redefining \nocite on input line 373.
Package: cite 2010/09/10  v 5.3
)
("C:\Program Files\MiKTeX\tex\latex\xcolor\xcolor.sty"
Package: xcolor 2007/01/21 v2.11 LaTeX color extensions (UK)

("C:\Program Files\MiKTeX\tex\latex\00miktex\color.cfg"
File: color.cfg 2007/01/18 v1.5 color configuration of teTeX/TeXLive
)
Package xcolor Info: Driver file: xetex.def on input line 225.

("C:\Program Files\MiKTeX\tex\latex\colortbl\colortbl.sty"
Package: colortbl 2001/02/13 v0.1j Color table columns (DPC)

("C:\Program Files\MiKTeX\tex\latex\tools\array.sty"
Package: array 2008/09/09 v2.4c Tabular extension package (FMi)
\col@sep=\dimen167
\extrarowheight=\dimen168
\NC@list=\toks41
\extratabsurround=\skip61
\backup@length=\skip62
)
\everycr=\toks42
\minrowclearance=\skip63
)
LaTeX Info: Redefining \color on input line 702.
\rownum=\count278
Package xcolor Info: Model `cmy' substituted by `cmy0' on input line 1337.
Package xcolor Info: Model `RGB' extended on input line 1353.
Package xcolor Info: Model `HTML' substituted by `rgb' on input line 1355.
Package xcolor Info: Model `Hsb' substituted by `hsb' on input line 1356.
Package xcolor Info: Model `tHsb' substituted by `hsb' on input line 1357.
Package xcolor Info: Model `HSB' substituted by `hsb' on input line 1358.
Package xcolor Info: Model `Gray' substituted by `gray' on input line 1359.
Package xcolor Info: Model `wave' substituted by `hsb' on input line 1360.
)
(C:\Users\Ruben\AppData\Roaming\MiKTeX\2.9\tex\latex\pgf\basiclayer\pgf.sty
(C:\Users\Ruben\AppData\Roaming\MiKTeX\2.9\tex\latex\pgf\utilities\pgfrcs.sty
(C:\Users\Ruben\AppData\Roaming\MiKTeX\2.9\tex\generic\pgf\utilities\pgfutil-co
mmon.tex
\pgfutil@everybye=\toks43
)
(C:\Users\Ruben\AppData\Roaming\MiKTeX\2.9\tex\generic\pgf\utilities\pgfutil-la
tex.def
\pgfutil@abb=\box36
 ("C:\Program Files\MiKTeX\tex\latex\ms\everyshi.sty"
Package: everyshi 2001/05/15 v3.00 EveryShipout Package (MS)
))
(C:\Users\Ruben\AppData\Roaming\MiKTeX\2.9\tex\generic\pgf\utilities\pgfrcs.cod
e.tex
Package: pgfrcs 2010/10/25 v2.10 (rcs-revision 1.24)
))
Package: pgf 2008/01/15 v2.10 (rcs-revision 1.12)

(C:\Users\Ruben\AppData\Roaming\MiKTeX\2.9\tex\latex\pgf\basiclayer\pgfcore.sty
("C:\Program Files\MiKTeX\tex\latex\graphics\graphicx.sty"
Package: graphicx 1999/02/16 v1.0f Enhanced LaTeX Graphics (DPC,SPQR)

("C:\Program Files\MiKTeX\tex\latex\graphics\graphics.sty"
Package: graphics 2009/02/05 v1.0o Standard LaTeX Graphics (DPC,SPQR)

("C:\Program Files\MiKTeX\tex\latex\graphics\trig.sty"
Package: trig 1999/03/16 v1.09 sin cos tan (DPC)
)
("C:\Program Files\MiKTeX\tex\latex\00miktex\graphics.cfg"
File: graphics.cfg 2007/01/18 v1.5 graphics configuration of teTeX/TeXLive
)
Package graphics Info: Driver file: xetex.def on input line 91.
)
\Gin@req@height=\dimen169
\Gin@req@width=\dimen170
)
(C:\Users\Ruben\AppData\Roaming\MiKTeX\2.9\tex\latex\pgf\systemlayer\pgfsys.sty

(C:\Users\Ruben\AppData\Roaming\MiKTeX\2.9\tex\generic\pgf\systemlayer\pgfsys.c
ode.tex
Package: pgfsys 2010/06/30 v2.10 (rcs-revision 1.37)

(C:\Users\Ruben\AppData\Roaming\MiKTeX\2.9\tex\generic\pgf\utilities\pgfkeys.co
de.tex
\pgfkeys@pathtoks=\toks44
\pgfkeys@temptoks=\toks45

(C:\Users\Ruben\AppData\Roaming\MiKTeX\2.9\tex\generic\pgf\utilities\pgfkeysfil
tered.code.tex
\pgfkeys@tmptoks=\toks46
))
\pgf@x=\dimen171
\pgf@y=\dimen172
\pgf@xa=\dimen173
\pgf@ya=\dimen174
\pgf@xb=\dimen175
\pgf@yb=\dimen176
\pgf@xc=\dimen177
\pgf@yc=\dimen178
\w@pgf@writea=\write3
\r@pgf@reada=\read1
\c@pgf@counta=\count279
\c@pgf@countb=\count280
\c@pgf@countc=\count281
\c@pgf@countd=\count282

(C:\Users\Ruben\AppData\Roaming\MiKTeX\2.9\tex\generic\pgf\systemlayer\pgf.cfg
File: pgf.cfg 2008/05/14  (rcs-revision 1.7)
)
Package pgfsys Info: Driver file for pgf: pgfsys-xetex.def on input line 900.

(C:\Users\Ruben\AppData\Roaming\MiKTeX\2.9\tex\generic\pgf\systemlayer\pgfsys-x
etex.def
File: pgfsys-xetex.def 2010/02/16  (rcs-revision 1.3)

(C:\Users\Ruben\AppData\Roaming\MiKTeX\2.9\tex\generic\pgf\systemlayer\pgfsys-c
ommon-pdf.def
File: pgfsys-common-pdf.def 2008/05/19  (rcs-revision 1.10)
)
(C:\Users\Ruben\AppData\Roaming\MiKTeX\2.9\tex\generic\pgf\systemlayer\pgfsys-c
ommon-pdf-via-dvi.def
File: pgfsys-common-pdf-via-dvi.def 2008/05/19  (rcs-revision 1.7)
)))
(C:\Users\Ruben\AppData\Roaming\MiKTeX\2.9\tex\generic\pgf\systemlayer\pgfsysso
ftpath.code.tex
File: pgfsyssoftpath.code.tex 2008/07/18  (rcs-revision 1.7)
\pgfsyssoftpath@smallbuffer@items=\count283
\pgfsyssoftpath@bigbuffer@items=\count284
)
(C:\Users\Ruben\AppData\Roaming\MiKTeX\2.9\tex\generic\pgf\systemlayer\pgfsyspr
otocol.code.tex
File: pgfsysprotocol.code.tex 2006/10/16  (rcs-revision 1.4)
))
(C:\Users\Ruben\AppData\Roaming\MiKTeX\2.9\tex\generic\pgf\basiclayer\pgfcore.c
ode.tex
Package: pgfcore 2010/04/11 v2.10 (rcs-revision 1.7)

(C:\Users\Ruben\AppData\Roaming\MiKTeX\2.9\tex\generic\pgf\math\pgfmath.code.te
x
(C:\Users\Ruben\AppData\Roaming\MiKTeX\2.9\tex\generic\pgf\math\pgfmathcalc.cod
e.tex
(C:\Users\Ruben\AppData\Roaming\MiKTeX\2.9\tex\generic\pgf\math\pgfmathutil.cod
e.tex)
(C:\Users\Ruben\AppData\Roaming\MiKTeX\2.9\tex\generic\pgf\math\pgfmathparser.c
ode.tex
\pgfmath@dimen=\dimen179
\pgfmath@count=\count285
\pgfmath@box=\box37
\pgfmath@toks=\toks47
\pgfmath@stack@operand=\toks48
\pgfmath@stack@operation=\toks49
)
(C:\Users\Ruben\AppData\Roaming\MiKTeX\2.9\tex\generic\pgf\math\pgfmathfunction
s.code.tex
(C:\Users\Ruben\AppData\Roaming\MiKTeX\2.9\tex\generic\pgf\math\pgfmathfunction
s.basic.code.tex)
(C:\Users\Ruben\AppData\Roaming\MiKTeX\2.9\tex\generic\pgf\math\pgfmathfunction
s.trigonometric.code.tex)
(C:\Users\Ruben\AppData\Roaming\MiKTeX\2.9\tex\generic\pgf\math\pgfmathfunction
s.random.code.tex)
(C:\Users\Ruben\AppData\Roaming\MiKTeX\2.9\tex\generic\pgf\math\pgfmathfunction
s.comparison.code.tex)
(C:\Users\Ruben\AppData\Roaming\MiKTeX\2.9\tex\generic\pgf\math\pgfmathfunction
s.base.code.tex)
(C:\Users\Ruben\AppData\Roaming\MiKTeX\2.9\tex\generic\pgf\math\pgfmathfunction
s.round.code.tex)
(C:\Users\Ruben\AppData\Roaming\MiKTeX\2.9\tex\generic\pgf\math\pgfmathfunction
s.misc.code.tex)))
(C:\Users\Ruben\AppData\Roaming\MiKTeX\2.9\tex\generic\pgf\math\pgfmathfloat.co
de.tex
\c@pgfmathroundto@lastzeros=\count286
))
(C:\Users\Ruben\AppData\Roaming\MiKTeX\2.9\tex\generic\pgf\basiclayer\pgfcorepo
ints.code.tex
File: pgfcorepoints.code.tex 2010/04/09  (rcs-revision 1.20)
\pgf@picminx=\dimen180
\pgf@picmaxx=\dimen181
\pgf@picminy=\dimen182
\pgf@picmaxy=\dimen183
\pgf@pathminx=\dimen184
\pgf@pathmaxx=\dimen185
\pgf@pathminy=\dimen186
\pgf@pathmaxy=\dimen187
\pgf@xx=\dimen188
\pgf@xy=\dimen189
\pgf@yx=\dimen190
\pgf@yy=\dimen191
\pgf@zx=\dimen192
\pgf@zy=\dimen193
)
(C:\Users\Ruben\AppData\Roaming\MiKTeX\2.9\tex\generic\pgf\basiclayer\pgfcorepa
thconstruct.code.tex
File: pgfcorepathconstruct.code.tex 2010/08/03  (rcs-revision 1.24)
\pgf@path@lastx=\dimen194
\pgf@path@lasty=\dimen195
)
(C:\Users\Ruben\AppData\Roaming\MiKTeX\2.9\tex\generic\pgf\basiclayer\pgfcorepa
thusage.code.tex
File: pgfcorepathusage.code.tex 2008/04/22  (rcs-revision 1.12)
\pgf@shorten@end@additional=\dimen196
\pgf@shorten@start@additional=\dimen197
)
(C:\Users\Ruben\AppData\Roaming\MiKTeX\2.9\tex\generic\pgf\basiclayer\pgfcoresc
opes.code.tex
File: pgfcorescopes.code.tex 2010/09/08  (rcs-revision 1.34)
\pgfpic=\box38
\pgf@hbox=\box39
\pgf@layerbox@main=\box40
\pgf@picture@serial@count=\count287
)
(C:\Users\Ruben\AppData\Roaming\MiKTeX\2.9\tex\generic\pgf\basiclayer\pgfcoregr
aphicstate.code.tex
File: pgfcoregraphicstate.code.tex 2008/04/22  (rcs-revision 1.9)
\pgflinewidth=\dimen198
)
(C:\Users\Ruben\AppData\Roaming\MiKTeX\2.9\tex\generic\pgf\basiclayer\pgfcoretr
ansformations.code.tex
File: pgfcoretransformations.code.tex 2009/06/10  (rcs-revision 1.11)
\pgf@pt@x=\dimen199
\pgf@pt@y=\dimen200
\pgf@pt@temp=\dimen201
)
(C:\Users\Ruben\AppData\Roaming\MiKTeX\2.9\tex\generic\pgf\basiclayer\pgfcorequ
ick.code.tex
File: pgfcorequick.code.tex 2008/10/09  (rcs-revision 1.3)
)
(C:\Users\Ruben\AppData\Roaming\MiKTeX\2.9\tex\generic\pgf\basiclayer\pgfcoreob
jects.code.tex
File: pgfcoreobjects.code.tex 2006/10/11  (rcs-revision 1.2)
)
(C:\Users\Ruben\AppData\Roaming\MiKTeX\2.9\tex\generic\pgf\basiclayer\pgfcorepa
thprocessing.code.tex
File: pgfcorepathprocessing.code.tex 2008/10/09  (rcs-revision 1.8)
)
(C:\Users\Ruben\AppData\Roaming\MiKTeX\2.9\tex\generic\pgf\basiclayer\pgfcorear
rows.code.tex
File: pgfcorearrows.code.tex 2008/04/23  (rcs-revision 1.11)
)
(C:\Users\Ruben\AppData\Roaming\MiKTeX\2.9\tex\generic\pgf\basiclayer\pgfcoresh
ade.code.tex
File: pgfcoreshade.code.tex 2008/11/23  (rcs-revision 1.13)
Normal \dimen register pool exhausted, switching to extended pool.
\pgf@max=\dimen256
\pgf@sys@shading@range@num=\count288
)
(C:\Users\Ruben\AppData\Roaming\MiKTeX\2.9\tex\generic\pgf\basiclayer\pgfcoreim
age.code.tex
File: pgfcoreimage.code.tex 2010/03/25  (rcs-revision 1.16)

(C:\Users\Ruben\AppData\Roaming\MiKTeX\2.9\tex\generic\pgf\basiclayer\pgfcoreex
ternal.code.tex
File: pgfcoreexternal.code.tex 2010/09/01  (rcs-revision 1.17)
\pgfexternal@startupbox=\box41
))
(C:\Users\Ruben\AppData\Roaming\MiKTeX\2.9\tex\generic\pgf\basiclayer\pgfcorela
yers.code.tex
File: pgfcorelayers.code.tex 2010/08/27  (rcs-revision 1.2)
)
(C:\Users\Ruben\AppData\Roaming\MiKTeX\2.9\tex\generic\pgf\basiclayer\pgfcoretr
ansparency.code.tex
File: pgfcoretransparency.code.tex 2008/01/17  (rcs-revision 1.2)
)
(C:\Users\Ruben\AppData\Roaming\MiKTeX\2.9\tex\generic\pgf\basiclayer\pgfcorepa
tterns.code.tex
File: pgfcorepatterns.code.tex 2009/07/02  (rcs-revision 1.3)
)))
(C:\Users\Ruben\AppData\Roaming\MiKTeX\2.9\tex\generic\pgf\modules\pgfmodulesha
pes.code.tex
File: pgfmoduleshapes.code.tex 2010/09/09  (rcs-revision 1.13)
\pgfnodeparttextbox=\box42
)
(C:\Users\Ruben\AppData\Roaming\MiKTeX\2.9\tex\generic\pgf\modules\pgfmoduleplo
t.code.tex
File: pgfmoduleplot.code.tex 2010/10/22  (rcs-revision 1.8)
)
(C:\Users\Ruben\AppData\Roaming\MiKTeX\2.9\tex\latex\pgf\compatibility\pgfcomp-
version-0-65.sty
Package: pgfcomp-version-0-65 2007/07/03 v2.10 (rcs-revision 1.7)
\pgf@nodesepstart=\dimen257
\pgf@nodesepend=\dimen258
)
(C:\Users\Ruben\AppData\Roaming\MiKTeX\2.9\tex\latex\pgf\compatibility\pgfcomp-
version-1-18.sty
Package: pgfcomp-version-1-18 2007/07/23 v2.10 (rcs-revision 1.1)
))
(C:\Users\Ruben\AppData\Roaming\MiKTeX\2.9\tex\latex\pgfplots\pgfplots.sty
(C:\Users\Ruben\AppData\Roaming\MiKTeX\2.9\tex\generic\pgfplots\pgfplots.revisi
on.tex)
Package: pgfplots 2011/07/29 v1.5 (git show 1.5-1-gcc2f2d2 )

(C:\Users\Ruben\AppData\Roaming\MiKTeX\2.9\tex\latex\pgf\frontendlayer\tikz.sty
(C:\Users\Ruben\AppData\Roaming\MiKTeX\2.9\tex\latex\pgf\utilities\pgffor.sty
(C:\Users\Ruben\AppData\Roaming\MiKTeX\2.9\tex\latex\pgf\utilities\pgfkeys.sty
(C:\Users\Ruben\AppData\Roaming\MiKTeX\2.9\tex\generic\pgf\utilities\pgfkeys.co
de.tex))
(C:\Users\Ruben\AppData\Roaming\MiKTeX\2.9\tex\generic\pgf\utilities\pgffor.cod
e.tex
Package: pgffor 2010/03/23 v2.10 (rcs-revision 1.18)
\pgffor@iter=\dimen259
\pgffor@skip=\dimen260
\pgffor@stack=\toks50
\pgffor@toks=\toks51
))
(C:\Users\Ruben\AppData\Roaming\MiKTeX\2.9\tex\generic\pgf\frontendlayer\tikz\t
ikz.code.tex
Package: tikz 2010/10/13 v2.10 (rcs-revision 1.76)

(C:\Users\Ruben\AppData\Roaming\MiKTeX\2.9\tex\generic\pgf\libraries\pgflibrary
plothandlers.code.tex
File: pgflibraryplothandlers.code.tex 2010/05/31 v2.10 (rcs-revision 1.15)
\pgf@plot@mark@count=\count289
\pgfplotmarksize=\dimen261
)
\tikz@lastx=\dimen262
\tikz@lasty=\dimen263
\tikz@lastxsaved=\dimen264
\tikz@lastysaved=\dimen265
\tikzleveldistance=\dimen266
\tikzsiblingdistance=\dimen267
\tikz@figbox=\box43
\tikz@tempbox=\box44
\tikztreelevel=\count290
\tikznumberofchildren=\count291
\tikznumberofcurrentchild=\count292
\tikz@fig@count=\count293

(C:\Users\Ruben\AppData\Roaming\MiKTeX\2.9\tex\generic\pgf\modules\pgfmodulemat
rix.code.tex
File: pgfmodulematrix.code.tex 2010/08/24  (rcs-revision 1.4)
\pgfmatrixcurrentrow=\count294
\pgfmatrixcurrentcolumn=\count295
\pgf@matrix@numberofcolumns=\count296
)
\tikz@expandcount=\count297

(C:\Users\Ruben\AppData\Roaming\MiKTeX\2.9\tex\generic\pgf\frontendlayer\tikz\l
ibraries\tikzlibrarytopaths.code.tex
File: tikzlibrarytopaths.code.tex 2008/06/17 v2.10 (rcs-revision 1.2)
)))
(C:\Users\Ruben\AppData\Roaming\MiKTeX\2.9\tex\generic\pgfplots\pgfplots.code.t
ex
(C:\Users\Ruben\AppData\Roaming\MiKTeX\2.9\tex\generic\pgfplots\pgfplotscore.co
de.tex
\t@pgfplots@toka=\toks52
\t@pgfplots@tokb=\toks53
\t@pgfplots@tokc=\toks54
\pgfplots@tmpa=\dimen268
\c@pgfplots@coordindex=\count298
\c@pgfplots@scanlineindex=\count299

(C:\Users\Ruben\AppData\Roaming\MiKTeX\2.9\tex\generic\pgfplots\sys\pgfplotssys
generic.code.tex))
(C:\Users\Ruben\AppData\Roaming\MiKTeX\2.9\tex\generic\pgfplots\libs\pgfplotsli
brary.code.tex)
(C:\Users\Ruben\AppData\Roaming\MiKTeX\2.9\tex\generic\pgfplots\oldpgfcompatib\
pgfplotsoldpgfsupp_loader.code.tex
Package pgfplots: loading complementary code for your PGF version...

(C:\Users\Ruben\AppData\Roaming\MiKTeX\2.9\tex\generic\pgfplots\oldpgfcompatib\
pgfplotsoldpgfsupp_misc.code.tex)
(C:\Users\Ruben\AppData\Roaming\MiKTeX\2.9\tex\generic\pgfplots\oldpgfcompatib\
pgfplotsoldpgfsupp_pgfkeys.code.tex
\pgfkeys@pathtoks=\toks55
\pgfkeys@temptoks=\toks56

(C:\Users\Ruben\AppData\Roaming\MiKTeX\2.9\tex\generic\pgfplots\oldpgfcompatib\
pgfplotsoldpgfsupp_pgfkeysfiltered.code.tex
\pgfkeys@tmptoks=\toks57
))
(C:\Users\Ruben\AppData\Roaming\MiKTeX\2.9\tex\generic\pgfplots\oldpgfcompatib\
pgfplotsoldpgfsupp_pgfmathfloat.code.tex
\c@pgfmathroundto@lastzeros=\count300
)
(C:\Users\Ruben\AppData\Roaming\MiKTeX\2.9\tex\generic\pgfplots\oldpgfcompatib\
pgfplotsoldpgfsupp_pgflibraryplothandlers.code.tex
File: pgflibraryplothandlers.code.tex 2010/05/31 v2.10 (rcs-revision 1.15)
\pgf@plot@mark@count=\count301
\pgfplotmarksize=\dimen269
)
(C:\Users\Ruben\AppData\Roaming\MiKTeX\2.9\tex\generic\pgfplots\oldpgfcompatib\
pgfplotsoldpgfsupp_pgflibraryfpu.code.tex))
(C:\Users\Ruben\AppData\Roaming\MiKTeX\2.9\tex\generic\pgfplots\util\pgfplotsut
il.code.tex
(C:\Users\Ruben\AppData\Roaming\MiKTeX\2.9\tex\generic\pgfplots\liststructure\p
gfplotsliststructure.code.tex)
(C:\Users\Ruben\AppData\Roaming\MiKTeX\2.9\tex\generic\pgfplots\liststructure\p
gfplotsliststructureext.code.tex)
(C:\Users\Ruben\AppData\Roaming\MiKTeX\2.9\tex\generic\pgfplots\liststructure\p
gfplotsarray.code.tex
\c@pgfplotsarray@tmp=\count302
)
(C:\Users\Ruben\AppData\Roaming\MiKTeX\2.9\tex\generic\pgfplots\liststructure\p
gfplotsmatrix.code.tex)
(C:\Users\Ruben\AppData\Roaming\MiKTeX\2.9\tex\generic\pgfplots\numtable\pgfplo
tstableshared.code.tex
\c@pgfplotstable@counta=\count303
\t@pgfplotstable@a=\toks58
)
(C:\Users\Ruben\AppData\Roaming\MiKTeX\2.9\tex\generic\pgfplots\liststructure\p
gfplotsdeque.code.tex)
(C:\Users\Ruben\AppData\Roaming\MiKTeX\2.9\tex\generic\pgfplots\util\pgfplotsbi
nary.code.tex)
(C:\Users\Ruben\AppData\Roaming\MiKTeX\2.9\tex\generic\pgfplots\util\pgfplotsut
il.verb.code.tex)
(C:\Users\Ruben\AppData\Roaming\MiKTeX\2.9\tex\generic\pgfplots\libs\pgflibrary
pgfplots.surfshading.code.tex
\c@pgfplotslibrarysurf@no=\count304
))
(C:\Users\Ruben\AppData\Roaming\MiKTeX\2.9\tex\generic\pgfplots\util\pgfplotsco
lormap.code.tex)
(C:\Users\Ruben\AppData\Roaming\MiKTeX\2.9\tex\generic\pgfplots\pgfplotsstacked
plots.code.tex)
(C:\Users\Ruben\AppData\Roaming\MiKTeX\2.9\tex\generic\pgfplots\pgfplotsplothan
dlers.code.tex
(C:\Users\Ruben\AppData\Roaming\MiKTeX\2.9\tex\generic\pgfplots\pgfplotsmeshplo
thandler.code.tex))
(C:\Users\Ruben\AppData\Roaming\MiKTeX\2.9\tex\generic\pgfplots\pgfplotscoordpr
ocessing.code.tex)
(C:\Users\Ruben\AppData\Roaming\MiKTeX\2.9\tex\generic\pgfplots\pgfplotsticks.c
ode.tex)
(C:\Users\Ruben\AppData\Roaming\MiKTeX\2.9\tex\generic\pgf\frontendlayer\tikz\l
ibraries\tikzlibrarydecorations.code.tex
(C:\Users\Ruben\AppData\Roaming\MiKTeX\2.9\tex\generic\pgf\modules\pgfmoduledec
orations.code.tex
\pgfdecoratedcompleteddistance=\dimen270
\pgfdecoratedremainingdistance=\dimen271
\pgfdecoratedinputsegmentcompleteddistance=\dimen272
\pgfdecoratedinputsegmentremainingdistance=\dimen273
\pgf@decorate@distancetomove=\dimen274
\pgf@decorate@repeatstate=\count305
\pgfdecorationsegmentamplitude=\dimen275
\pgfdecorationsegmentlength=\dimen276
)
\tikz@lib@dec@box=\box45
)
(C:\Users\Ruben\AppData\Roaming\MiKTeX\2.9\tex\generic\pgf\frontendlayer\tikz\l
ibraries\tikzlibrarydecorations.pathmorphing.code.tex
(C:\Users\Ruben\AppData\Roaming\MiKTeX\2.9\tex\generic\pgf\libraries\decoration
s\pgflibrarydecorations.pathmorphing.code.tex))
(C:\Users\Ruben\AppData\Roaming\MiKTeX\2.9\tex\generic\pgf\frontendlayer\tikz\l
ibraries\tikzlibrarydecorations.pathreplacing.code.tex
(C:\Users\Ruben\AppData\Roaming\MiKTeX\2.9\tex\generic\pgf\libraries\decoration
s\pgflibrarydecorations.pathreplacing.code.tex))
\pgfplots@numplots=\count306
\pgfplots@xmin@reg=\dimen277
\pgfplots@xmax@reg=\dimen278
\pgfplots@ymin@reg=\dimen279
\pgfplots@ymax@reg=\dimen280
\pgfplots@zmin@reg=\dimen281
\pgfplots@zmax@reg=\dimen282
)
(C:\Users\Ruben\AppData\Roaming\MiKTeX\2.9\tex\generic\pgf\frontendlayer\tikz\l
ibraries\tikzlibraryplotmarks.code.tex
File: tikzlibraryplotmarks.code.tex 2008/01/09 v2.10 (rcs-revision 1.1)

(C:\Users\Ruben\AppData\Roaming\MiKTeX\2.9\tex\generic\pgf\libraries\pgflibrary
plotmarks.code.tex
File: pgflibraryplotmarks.code.tex 2010/10/15 v2.10 (rcs-revision 1.12)
))) ("C:\Program Files\MiKTeX\tex\latex\listings\lstlang1.sty"
File: lstlang1.sty 2004/09/05 1.3 listings language file
) ("C:\Program Files\MiKTeX\tex\latex\moreverb\moreverb.sty"
Package: moreverb 2008/06/03 v2.3a `more' verbatim facilities

("C:\Program Files\MiKTeX\tex\latex\tools\verbatim.sty"
Package: verbatim 2003/08/22 v1.5q LaTeX2e package for verbatim enhancements
\every@verbatim=\toks59
\verbatim@line=\toks60
\verbatim@in@stream=\read2
)
\tab@position=\count307
\tab@size=\count308
\listing@line=\count309
)
("C:\Program Files\MiKTeX\tex\latex\hyperref\hyperref.sty"
Package: hyperref 2010/10/30 v6.81t Hypertext links for LaTeX

("C:\Program Files\MiKTeX\tex\generic\oberdiek\ltxcmds.sty"
Package: ltxcmds 2010/04/26 v1.7 LaTeX kernel commands for general use (HO)
)
("C:\Program Files\MiKTeX\tex\generic\oberdiek\infwarerr.sty"
Package: infwarerr 2010/04/08 v1.3 Providing info/warning/message (HO)
)
("C:\Program Files\MiKTeX\tex\generic\oberdiek\kvsetkeys.sty"
Package: kvsetkeys 2010/03/01 v1.9 Key value parser (HO)

("C:\Program Files\MiKTeX\tex\generic\oberdiek\etexcmds.sty"
Package: etexcmds 2010/01/28 v1.3 Prefix for e-TeX command names (HO)
Package etexcmds Info: Could not find \expanded.
(etexcmds)             That can mean that you are not using pdfTeX 1.50 or
(etexcmds)             that some package has redefined \expanded.
(etexcmds)             In the latter case, load this package earlier.
))
("C:\Program Files\MiKTeX\tex\generic\oberdiek\pdfescape.sty"
Package: pdfescape 2010/03/01 v1.9 Provides hex, PDF name and string conversion
s (HO)

("C:\Program Files\MiKTeX\tex\generic\oberdiek\pdftexcmds.sty"
Package: pdftexcmds 2010/04/01 v0.9 Utility functions of pdfTeX for LuaTeX (HO)


("C:\Program Files\MiKTeX\tex\generic\oberdiek\ifluatex.sty"
Package: ifluatex 2010/03/01 v1.3 Provides the ifluatex switch (HO)
Package ifluatex Info: LuaTeX not detected.
)
Package pdftexcmds Info: LuaTeX not detected.
Package pdftexcmds Info: pdfTeX >= 1.30 not detected.
Package pdftexcmds Info: \pdf@primitive is available.
Package pdftexcmds Info: \pdf@ifprimitive is available.
))
("C:\Program Files\MiKTeX\tex\generic\oberdiek\ifpdf.sty"
Package: ifpdf 2010/01/28 v2.1 Provides the ifpdf switch (HO)
Package ifpdf Info: pdfTeX in pdf mode not detected.
)
("C:\Program Files\MiKTeX\tex\generic\oberdiek\ifvtex.sty"
Package: ifvtex 2010/03/01 v1.5 Switches for detecting VTeX and its modes (HO)
Package ifvtex Info: VTeX not detected.
)
("C:\Program Files\MiKTeX\tex\generic\ifxetex\ifxetex.sty"
Package: ifxetex 2010/09/12 v0.6 Provides ifxetex conditional
)
("C:\Program Files\MiKTeX\tex\latex\oberdiek\hycolor.sty"
Package: hycolor 2009/12/12 v1.6 Color options of hyperref/bookmark (HO)

("C:\Program Files\MiKTeX\tex\latex\oberdiek\xcolor-patch.sty"
Package: xcolor-patch 2009/12/12 xcolor patch
))
("C:\Program Files\MiKTeX\tex\latex\oberdiek\letltxmacro.sty"
Package: letltxmacro 2008/06/24 v1.3 Let assignment for LaTeX macros (HO)
)
("C:\Program Files\MiKTeX\tex\latex\oberdiek\kvoptions.sty"
Package: kvoptions 2010/02/22 v3.7 Keyval support for LaTeX options (HO)
)
\@linkdim=\dimen283
\Hy@linkcounter=\count310
\Hy@pagecounter=\count311

("C:\Program Files\MiKTeX\tex\latex\hyperref\pd1enc.def"
File: pd1enc.def 2010/10/30 v6.81t Hyperref: PDFDocEncoding definition (HO)
)
("C:\Program Files\MiKTeX\tex\generic\oberdiek\intcalc.sty"
Package: intcalc 2007/09/27 v1.1 Expandable integer calculations (HO)
)
\Hy@SavedSpaceFactor=\count312

("C:\Program Files\MiKTeX\tex\latex\00miktex\hyperref.cfg"
File: hyperref.cfg 2002/06/06 v1.2 hyperref configuration of TeXLive
)
Package hyperref Info: Option `bookmarks' set `true' on input line 3872.
Package hyperref Info: Option `colorlinks' set `true' on input line 3872.
Package hyperref Info: Option `breaklinks' set `true' on input line 3872.


Package hyperref Warning: XeTeX driver only supports unicode.
(hyperref)                Enabling option `unicode'.

Package hyperref Info: Option `unicode' set `true' on input line 3872.
("C:\Program Files\MiKTeX\tex\latex\hyperref\puenc.def"
File: puenc.def 2010/10/30 v6.81t Hyperref: PDF Unicode definition (HO)
)
Package hyperref Info: Hyper figures OFF on input line 3976.
Package hyperref Info: Link nesting OFF on input line 3981.
Package hyperref Info: Hyper index ON on input line 3984.
Package hyperref Info: Plain pages OFF on input line 3991.
Package hyperref Info: Backreferencing OFF on input line 3996.
Package hyperref Info: Implicit mode ON; LaTeX internals redefined.
Package hyperref Info: Bookmarks ON on input line 4211.
\c@Hy@tempcnt=\count313

("C:\Program Files\MiKTeX\tex\xelatex\xetexurl\url.sty"
\Urlmuskip=\muskip15
Package: url 2004/03/15  ver 3.1  Verb mode for urls, etc.
)
LaTeX Info: Redefining \url on input line 4566.

("C:\Program Files\MiKTeX\tex\generic\oberdiek\bitset.sty"
Package: bitset 2007/09/28 v1.0 Data type bit set (HO)

("C:\Program Files\MiKTeX\tex\generic\oberdiek\bigintcalc.sty"
Package: bigintcalc 2007/11/11 v1.1 Expandable big integer calculations (HO)
))
\Fld@menulength=\count314
\Field@Width=\dimen284
\Fld@charsize=\dimen285
Package hyperref Info: Hyper figures OFF on input line 5626.
Package hyperref Info: Link nesting OFF on input line 5631.
Package hyperref Info: Hyper index ON on input line 5634.
Package hyperref Info: backreferencing OFF on input line 5641.
Package hyperref Info: Link coloring ON on input line 5644.
Package hyperref Info: Link coloring with OCG OFF on input line 5651.
Package hyperref Info: PDF/A mode OFF on input line 5656.
LaTeX Info: Redefining \ref on input line 5696.
LaTeX Info: Redefining \pageref on input line 5700.

("C:\Program Files\MiKTeX\tex\generic\oberdiek\atbegshi.sty"
Package: atbegshi 2010/03/25 v1.12 At begin shipout hook (HO)
)
\Hy@abspage=\count315
\c@Item=\count316
\c@Hfootnote=\count317
)

Package hyperref Message: Driver: hxetex.

("C:\Program Files\MiKTeX\tex\latex\hyperref\hxetex.def"
File: hxetex.def 2010/10/30 v6.81t Hyperref driver for XeTeX

("C:\Program Files\MiKTeX\tex\generic\oberdiek\stringenc.sty"
Package: stringenc 2010/03/01 v1.8 Converts strings between encodings (HO)
)
\pdfm@box=\box46
\c@Hy@AnnotLevel=\count318
\HyField@AnnotCount=\count319
\Fld@listcount=\count320
\c@bookmark@seq@number=\count321

("C:\Program Files\MiKTeX\tex\latex\oberdiek\rerunfilecheck.sty"
Package: rerunfilecheck 2010/03/16 v1.6 Rerun checks for auxiliary files (HO)
Package rerunfilecheck Info: Feature \pdfmdfivesum is not available
(rerunfilecheck)             (e.g. pdfTeX or LuaTeX with package `pdftexcmds').

(rerunfilecheck)             Therefore file contents cannot be checked efficien
tly
(rerunfilecheck)             and the loading of the package is aborted.
)
\Hy@SectionHShift=\skip64
)
("C:\Program Files\MiKTeX\tex\latex\psnfss\mathptmx.sty"
Package: mathptmx 2005/04/12 PSNFSS-v9.2a Times w/ Math, improved (SPQR, WaS) 
LaTeX Font Info:    Redeclaring symbol font `operators' on input line 28.
LaTeX Font Info:    Overwriting symbol font `operators' in version `normal'
(Font)                  OT1/cmr/m/n --> OT1/ztmcm/m/n on input line 28.
LaTeX Font Info:    Overwriting symbol font `operators' in version `bold'
(Font)                  OT1/cmr/bx/n --> OT1/ztmcm/m/n on input line 28.
LaTeX Font Info:    Redeclaring symbol font `letters' on input line 29.
LaTeX Font Info:    Overwriting symbol font `letters' in version `normal'
(Font)                  OML/cmm/m/it --> OML/ztmcm/m/it on input line 29.
LaTeX Font Info:    Overwriting symbol font `letters' in version `bold'
(Font)                  OML/cmm/b/it --> OML/ztmcm/m/it on input line 29.
LaTeX Font Info:    Redeclaring symbol font `symbols' on input line 30.
LaTeX Font Info:    Overwriting symbol font `symbols' in version `normal'
(Font)                  OMS/cmsy/m/n --> OMS/ztmcm/m/n on input line 30.
LaTeX Font Info:    Overwriting symbol font `symbols' in version `bold'
(Font)                  OMS/cmsy/b/n --> OMS/ztmcm/m/n on input line 30.
LaTeX Font Info:    Redeclaring symbol font `largesymbols' on input line 31.
LaTeX Font Info:    Overwriting symbol font `largesymbols' in version `normal'
(Font)                  OMX/cmex/m/n --> OMX/ztmcm/m/n on input line 31.
LaTeX Font Info:    Overwriting symbol font `largesymbols' in version `bold'
(Font)                  OMX/cmex/m/n --> OMX/ztmcm/m/n on input line 31.
\symbold=\mathgroup7
\symitalic=\mathgroup8
LaTeX Font Info:    Redeclaring math alphabet \mathbf on input line 34.
LaTeX Font Info:    Overwriting math alphabet `\mathbf' in version `normal'
(Font)                  OT1/cmr/bx/n --> OT1/ptm/bx/n on input line 34.
LaTeX Font Info:    Overwriting math alphabet `\mathbf' in version `bold'
(Font)                  OT1/cmr/bx/n --> OT1/ptm/bx/n on input line 34.
LaTeX Font Info:    Redeclaring math alphabet \mathit on input line 35.
LaTeX Font Info:    Overwriting math alphabet `\mathit' in version `normal'
(Font)                  OT1/cmr/m/it --> OT1/ptm/m/it on input line 35.
LaTeX Font Info:    Overwriting math alphabet `\mathit' in version `bold'
(Font)                  OT1/cmr/bx/it --> OT1/ptm/m/it on input line 35.
LaTeX Info: Redefining \hbar on input line 50.
)
("C:\Program Files\MiKTeX\tex\latex\psnfss\helvet.sty"
Package: helvet 2005/04/12 PSNFSS-v9.2a (WaS) 
)
("C:\Program Files\MiKTeX\tex\latex\psnfss\courier.sty"
Package: courier 2005/04/12 PSNFSS-v9.2a (WaS) 
)
("C:\Program Files\MiKTeX\tex\latex\type1cm\type1cm.sty"
Package: type1cm 2002/09/05 v0.04 BlueSky/Y&Y Type1 CM font definitions (DPC, p
atched RF)
)
("C:\Program Files\MiKTeX\tex\latex\base\makeidx.sty"
Package: makeidx 2000/03/29 v1.0m Standard LaTeX package
)
("C:\Program Files\MiKTeX\tex\latex\tools\multicol.sty"
Package: multicol 2008/12/05 v1.6h multicolumn formatting (FMi)
\c@tracingmulticols=\count322
\mult@box=\box47
\multicol@leftmargin=\dimen286
\c@unbalance=\count323
\c@collectmore=\count324
\doublecol@number=\count325
\multicoltolerance=\count326
\multicolpretolerance=\count327
\full@width=\dimen287
\page@free=\dimen288
\premulticols=\dimen289
\postmulticols=\dimen290
\multicolsep=\skip65
\multicolbaselineskip=\skip66
\partial@page=\box48
\last@line=\box49
\mult@rightbox=\box50
\mult@grightbox=\box51
\mult@gfirstbox=\box52
\mult@firstbox=\box53
\@tempa=\box54
\@tempa=\box55
\@tempa=\box56
\@tempa=\box57
\@tempa=\box58
\@tempa=\box59
\@tempa=\box60
\@tempa=\box61
\@tempa=\box62
\@tempa=\box63
\@tempa=\box64
\@tempa=\box65
\@tempa=\box66
\@tempa=\box67
\@tempa=\box68
\@tempa=\box69
\@tempa=\box70
\c@columnbadness=\count328
\c@finalcolumnbadness=\count329
\last@try=\dimen291
\multicolovershoot=\dimen292
\multicolundershoot=\dimen293
\mult@nat@firstbox=\box71
\colbreak@box=\box72
)
("C:\Program Files\MiKTeX\tex\latex\footmisc\footmisc.sty"
Package: footmisc 2011/06/06 v5.5b a miscellany of footnote facilities
\FN@temptoken=\toks61
\footnotemargin=\dimen294
\c@pp@next@reset=\count330
Package footmisc Info: Declaring symbol style bringhurst on input line 855.
Package footmisc Info: Declaring symbol style chicago on input line 863.
Package footmisc Info: Declaring symbol style wiley on input line 872.
Package footmisc Info: Declaring symbol style lamport-robust on input line 883.

Package footmisc Info: Declaring symbol style lamport* on input line 903.
Package footmisc Info: Declaring symbol style lamport*-robust on input line 924
.
)
\@indexfile=\write4

Writing index file frontpage.idx
("C:\Program Files\MiKTeX\tex\latex\subfigure\subfigure.sty"
Package: subfigure 2002/07/30 v2.1.4 subfigure package
\subfigtopskip=\skip67
\subfigcapskip=\skip68
\subfigcaptopadj=\dimen295
\subfigbottomskip=\skip69
\subfigcapmargin=\dimen296
\subfiglabelskip=\skip70
\c@subfigure=\count331
\c@lofdepth=\count332
\c@subtable=\count333
\c@lotdepth=\count334

****************************************
* Local config file subfigure.cfg used *
****************************************
("C:\Program Files\MiKTeX\tex\latex\subfigure\subfigure.cfg")
\subfig@top=\skip71
\subfig@bottom=\skip72
)
\c@tmpc=\count335
)
("E:\3 PhD - Optimized Buildings for Smart Grids\2 Publications\99_PhD\IDEAS Sp
ecifications\templates\frontpage\templates\frontpage.aux")
LaTeX Font Info:    Checking defaults for OML/cmm/m/it on input line 10.
LaTeX Font Info:    ... okay on input line 10.
LaTeX Font Info:    Checking defaults for T1/cmr/m/n on input line 10.
LaTeX Font Info:    ... okay on input line 10.
LaTeX Font Info:    Checking defaults for OT1/cmr/m/n on input line 10.
LaTeX Font Info:    ... okay on input line 10.
LaTeX Font Info:    Checking defaults for OMS/cmsy/m/n on input line 10.
LaTeX Font Info:    ... okay on input line 10.
LaTeX Font Info:    Checking defaults for OMX/cmex/m/n on input line 10.
LaTeX Font Info:    ... okay on input line 10.
LaTeX Font Info:    Checking defaults for U/cmr/m/n on input line 10.
LaTeX Font Info:    ... okay on input line 10.
LaTeX Font Info:    Checking defaults for TS1/cmr/m/n on input line 10.
LaTeX Font Info:    Try loading font information for TS1+cmr on input line 10.

("C:\Program Files\MiKTeX\tex\latex\base\ts1cmr.fd"
File: ts1cmr.fd 1999/05/25 v2.5h Standard LaTeX font definitions
)
LaTeX Font Info:    ... okay on input line 10.
LaTeX Font Info:    Checking defaults for PD1/pdf/m/n on input line 10.
LaTeX Font Info:    ... okay on input line 10.
LaTeX Font Info:    Checking defaults for PU/pdf/m/n on input line 10.
LaTeX Font Info:    ... okay on input line 10.
LaTeX Font Info:    Try loading font information for OT1+ptm on input line 10.

("C:\Program Files\MiKTeX\tex\latex\psnfss\ot1ptm.fd"
File: ot1ptm.fd 2001/06/04 font definitions for OT1/ptm.
)
Requested font "ptmr7t" at 10.0pt
 -> ptmr7t

Option `squaren' provided! 
 Command \squaren defined by SIunits package!

\c@lstlisting=\count336
ABD: EveryShipout initializing macros
\AtBeginShipoutBox=\box73
Package hyperref Info: Link coloring ON on input line 10.

("C:\Program Files\MiKTeX\tex\latex\hyperref\nameref.sty"
Package: nameref 2010/04/30 v2.40 Cross-referencing by name of section

("C:\Program Files\MiKTeX\tex\latex\oberdiek\refcount.sty"
Package: refcount 2008/08/11 v3.1 Data extraction from references (HO)
)
("C:\Program Files\MiKTeX\tex\generic\oberdiek\gettitlestring.sty"
Package: gettitlestring 2009/12/18 v1.3 Cleanup title references (HO)
)
\c@section@level=\count337
)
LaTeX Info: Redefining \ref on input line 10.
LaTeX Info: Redefining \pageref on input line 10.
LaTeX Info: Redefining \nameref on input line 10.

("E:\3 PhD - Optimized Buildings for Smart Grids\2 Publications\99_PhD\IDEAS Sp
ecifications\templates\frontpage\templates\frontpage.out")
("E:\3 PhD - Optimized Buildings for Smart Grids\2 Publications\99_PhD\IDEAS Sp
ecifications\templates\frontpage\templates\frontpage.out")
\@outlinefile=\write5
\big@size=\dimen297
Requested font "ptmr7t" at 18.0pt
 -> ptmr7t


LaTeX Warning: No \author given.

Requested font "ptmr7t" at 24.88pt
 -> ptmr7t
Requested font "ptmr7t" at 12.0pt
 -> ptmr7t
Requested font "ptmr7t" at 14.0pt
 -> ptmr7t
[1

]
("E:\3 PhD - Optimized Buildings for Smart Grids\2 Publications\99_PhD\IDEAS Sp
ecifications\templates\frontpage\templates\frontpage.aux") ) 
Here is how much of TeX's memory you used:
 28363 strings out of 429293
 554546 string characters out of 3171079
 642364 words of memory out of 3000000
 31102 multiletter control sequences out of 15000+200000
 6175 words of font info for 19 fonts, out of 3000000 for 9000
 669 hyphenation exceptions out of 8191
 52i,5n,74p,774b,477s stack positions out of 5000i,500n,10000p,200000b,50000s

Output written on frontpage.pdf (1 page).
