This is XeTeX, Version 3.1415926-2.2-0.9997.4 (MiKTeX 2.9) (preloaded format=xelatex 2011.8.13)  21 AUG 2011 10:59
entering extended mode
**C:/Users/Ruben/Desktop/PhD/Corpus*Springer/templates/biblio.tex
("C:/Users/Ruben/Desktop/PhD/Corpus Springer/templates/biblio.tex"
LaTeX2e <2009/09/24>
Babel <v3.8l> and hyphenation patterns for english, afrikaans, ancientgreek, ar
abic, armenian, assamese, basque, bengali, bokmal, bulgarian, catalan, coptic, 
croatian, czech, danish, dutch, esperanto, estonian, farsi, finnish, french, ga
lician, german, german-x-2009-06-19, greek, gujarati, hindi, hungarian, iceland
ic, indonesian, interlingua, irish, italian, kannada, kurmanji, lao, latin, lat
vian, lithuanian, malayalam, marathi, mongolian, mongolianlmc, monogreek, ngerm
an, ngerman-x-2009-06-19, nynorsk, oriya, panjabi, pinyin, polish, portuguese, 
romanian, russian, sanskrit, serbian, slovak, slovenian, spanish, swedish, swis
sgerman, tamil, telugu, turkish, turkmen, ukenglish, ukrainian, uppersorbian, u
senglishmax, welsh, loaded.
! Undefined control sequence.
l.8 \Extrachap
              {Bibliography}
? 
! Emergency stop.
l.8 \Extrachap
              {Bibliography}
End of file on the terminal!

 
Here is how much of TeX's memory you used:
 6 strings out of 429293
 201 string characters out of 3171080
 47222 words of memory out of 3000000
 3352 multiletter control sequences out of 15000+200000
 3640 words of font info for 14 fonts, out of 3000000 for 9000
 669 hyphenation exceptions out of 8191
 5i,0n,1p,140b,8s stack positions out of 5000i,500n,10000p,200000b,50000s
No pages of output.
