\BOOKMARK [-1][-]{part.1}{Part I Specifications}{}% 1
\BOOKMARK [0][-]{section*.4}{Climate}{part.1}% 2
\BOOKMARK [0][-]{section*.4}{Ruben Baetens and Dirk Saelens}{part.1}% 3
\BOOKMARK [1][-]{section.1.1}{Weather data}{section*.4}% 4
\BOOKMARK [1][-]{section.1.2}{Solar radiation}{section*.4}% 5
\BOOKMARK [2][-]{subsection.1.2.1}{Solar geometry}{section.1.2}% 6
\BOOKMARK [2][-]{subsection.1.2.2}{Shortwave radiation on a tilted surface}{section.1.2}% 7
\BOOKMARK [0][-]{section*.5}{Transient building response model}{part.1}% 8
\BOOKMARK [0][-]{section*.5}{Ruben Baetens and Dirk Saelens}{part.1}% 9
\BOOKMARK [1][-]{section.2.1}{Wall response model}{section*.5}% 10
\BOOKMARK [2][-]{subsection.2.1.1}{Exterior surface heat balance}{section.2.1}% 11
\BOOKMARK [2][-]{subsection.2.1.2}{Wall conduction process}{section.2.1}% 12
\BOOKMARK [2][-]{subsection.2.1.3}{Interior surface heat balance}{section.2.1}% 13
\BOOKMARK [2][-]{subsection.2.1.4}{Model extension for windows}{section.2.1}% 14
\BOOKMARK [2][-]{subsection.2.1.5}{Model extension for ground slabs}{section.2.1}% 15
\BOOKMARK [1][-]{section.2.2}{Zone model}{section*.5}% 16
\BOOKMARK [2][-]{subsection.2.2.1}{Thermal response model}{section.2.2}% 17
\BOOKMARK [2][-]{subsection.2.2.2}{Thermal comfort}{section.2.2}% 18
\BOOKMARK [0][-]{section*.19}{Thermal building system}{part.1}% 19
\BOOKMARK [0][-]{section*.19}{Roel De Coninck and Lieve Helsen}{part.1}% 20
\BOOKMARK [0][-]{section*.20}{Electricity system}{part.1}% 21
\BOOKMARK [0][-]{section*.20}{Juan Van Roy, Bart Verbruggen and Johan Driesen}{part.1}% 22
\BOOKMARK [1][-]{section.4.1}{Photovoltaic system}{section*.20}% 23
\BOOKMARK [2][-]{subsection.4.1.1}{Power output of PV panel}{section.4.1}% 24
\BOOKMARK [2][-]{subsection.4.1.2}{Power output of PV system}{section.4.1}% 25
\BOOKMARK [2][-]{subsection.4.1.3}{Orientation PV system}{section.4.1}% 26
\BOOKMARK [2][-]{subsection.4.1.4}{Inverter}{section.4.1}% 27
\BOOKMARK [1][-]{section.4.2}{Electrical distribution grid}{section*.20}% 28
\BOOKMARK [2][-]{subsection.4.2.1}{Grid topology}{section.4.2}% 29
\BOOKMARK [2][-]{subsection.4.2.2}{Power flow analysis}{section.4.2}% 30
\BOOKMARK [2][-]{subsection.4.2.3}{Transformer}{section.4.2}% 31
\BOOKMARK [1][-]{section.4.3}{Electrical in-home grid}{section*.20}% 32
\BOOKMARK [1][-]{section.4.4}{Electrical storage}{section*.20}% 33
\BOOKMARK [-1][-]{part.2}{Part II Validation or verification}{}% 34
\BOOKMARK [0][-]{section*.21}{Building energy simulation test - BESTEST}{part.2}% 35
\BOOKMARK [0][-]{section*.21}{Ruben Baetens and Dirk Saelens}{part.2}% 36
\BOOKMARK [1][-]{section.5.1}{Introduction}{section*.21}% 37
\BOOKMARK [2][-]{subsection.5.1.1}{Building energy simulation test cases}{section.5.1}% 38
\BOOKMARK [2][-]{subsection.5.1.2}{Test results}{section.5.1}% 39
\BOOKMARK [0][-]{section*.22}{Thermal building energy system test - BESTEST}{part.2}% 40
\BOOKMARK [0][-]{section*.22}{Roel De Coninck and Lieve Helsen}{part.2}% 41
\BOOKMARK [0][-]{section*.23}{IEEE Distribution system analysis for radial test feeders }{part.2}% 42
\BOOKMARK [0][-]{section*.23}{Juan Van Roy, Bart Verbruggen and Johan Driesen}{part.2}% 43
\BOOKMARK [-1][-]{part.3}{Part III Bibliography}{}% 44
\BOOKMARK [0][-]{section*.24}{References}{part.3}% 45
