This is pdfTeX, Version 3.1415926-1.40.11 (MiKTeX 2.9) (preloaded format=pdflatex 2013.12.29)  10 JAN 2014 12:41
entering extended mode
**E:/3_PhD/3_Modelica/IDEAS/Specifications/Specs.tex
(E:/3_PhD/3_Modelica/IDEAS/Specifications/Specs.tex
LaTeX2e <2009/09/24>
Babel <v3.8l> and hyphenation patterns for english, afrikaans, ancientgreek, ar
abic, armenian, assamese, basque, bengali, bokmal, bulgarian, catalan, coptic, 
croatian, czech, danish, dutch, esperanto, estonian, farsi, finnish, french, ga
lician, german, german-x-2009-06-19, greek, gujarati, hindi, hungarian, iceland
ic, indonesian, interlingua, irish, italian, kannada, kurmanji, lao, latin, lat
vian, lithuanian, malayalam, marathi, mongolian, mongolianlmc, monogreek, ngerm
an, ngerman-x-2009-06-19, nynorsk, oriya, panjabi, pinyin, polish, portuguese, 
romanian, russian, sanskrit, serbian, slovak, slovenian, spanish, swedish, swis
sgerman, tamil, telugu, turkish, turkmen, ukenglish, ukrainian, uppersorbian, u
senglishmax, welsh, loaded.
(E:\3_PhD\3_Modelica\IDEAS\Specifications\phd.cls
Document Class: phd 2008/05/05 Maarten's PhD class
("C:\Program Files\MiKTeX\tex\latex\base\book.cls"
Document Class: book 2007/10/19 v1.4h Standard LaTeX document class
("C:\Program Files\MiKTeX\tex\latex\base\bk10.clo"
File: bk10.clo 2007/10/19 v1.4h Standard LaTeX file (size option)
)
\c@part=\count79
\c@chapter=\count80
\c@section=\count81
\c@subsection=\count82
\c@subsubsection=\count83
\c@paragraph=\count84
\c@subparagraph=\count85
\c@figure=\count86
\c@table=\count87
\abovecaptionskip=\skip41
\belowcaptionskip=\skip42
\bibindent=\dimen102
)
("C:\Program Files\MiKTeX\tex\generic\babel\babel.sty"
Package: babel 2008/07/06 v3.8l The Babel package

*************************************
* Local config file bblopts.cfg used
*
("C:\Program Files\MiKTeX\tex\latex\00miktex\bblopts.cfg"
File: bblopts.cfg 2006/07/31 v1.0 MiKTeX 'babel' configuration
)
("C:\Program Files\MiKTeX\tex\generic\babel\dutch.ldf"
Language: dutch 2005/03/30 v3.8i Dutch support from the babel system

("C:\Program Files\MiKTeX\tex\generic\babel\babel.def"
File: babel.def 2008/07/06 v3.8l Babel common definitions
\babel@savecnt=\count88
\U@D=\dimen103
)
Package babel Info: Making " an active character on input line 132.
)
("C:\Program Files\MiKTeX\tex\generic\babel\english.ldf"
Language: english 2005/03/30 v3.3o English support from the babel system
\l@canadian = a dialect from \language\l@american 
\l@australian = a dialect from \language\l@british 
\l@newzealand = a dialect from \language\l@british 
))
("C:\Program Files\MiKTeX\tex\latex\geometry\geometry.sty"
Package: geometry 2010/09/12 v5.6 Page Geometry

("C:\Program Files\MiKTeX\tex\latex\graphics\keyval.sty"
Package: keyval 1999/03/16 v1.13 key=value parser (DPC)
\KV@toks@=\toks14
)
("C:\Program Files\MiKTeX\tex\generic\oberdiek\ifpdf.sty"
Package: ifpdf 2010/01/28 v2.1 Provides the ifpdf switch (HO)
Package ifpdf Info: pdfTeX in pdf mode detected.
)
("C:\Program Files\MiKTeX\tex\generic\oberdiek\ifvtex.sty"
Package: ifvtex 2010/03/01 v1.5 Switches for detecting VTeX and its modes (HO)
Package ifvtex Info: VTeX not detected.
)
("C:\Program Files\MiKTeX\tex\generic\ifxetex\ifxetex.sty"
Package: ifxetex 2010/09/12 v0.6 Provides ifxetex conditional
)
\Gm@cnth=\count89
\Gm@cntv=\count90
\c@Gm@tempcnt=\count91
\Gm@bindingoffset=\dimen104
\Gm@wd@mp=\dimen105
\Gm@odd@mp=\dimen106
\Gm@even@mp=\dimen107
\Gm@layoutwidth=\dimen108
\Gm@layoutheight=\dimen109
\Gm@layouthoffset=\dimen110
\Gm@layoutvoffset=\dimen111
\Gm@dimlist=\toks15

("C:\Program Files\MiKTeX\tex\latex\geometry\geometry.cfg"))
("C:\Program Files\MiKTeX\tex\latex\fancyhdr\fancyhdr.sty"
\fancy@headwidth=\skip43
\f@ncyO@elh=\skip44
\f@ncyO@erh=\skip45
\f@ncyO@olh=\skip46
\f@ncyO@orh=\skip47
\f@ncyO@elf=\skip48
\f@ncyO@erf=\skip49
\f@ncyO@olf=\skip50
\f@ncyO@orf=\skip51
)
("C:\Program Files\MiKTeX\tex\latex\tocvsec2\tocvsec2.sty"
Package: tocvsec2 2011/08/07 v1.3 variable ToC section entries

("C:\Program Files\MiKTeX\tex\latex\base\ifthen.sty"
Package: ifthen 2001/05/26 v1.1c Standard LaTeX ifthen package (DPC)
)
\c@max@tocdepth=\count92
\c@max@secnumdepth=\count93
)
("C:\Program Files\MiKTeX\tex\latex\tocloft\tocloft.sty"
Package: tocloft 2010/10/13 v2.3e parameterised ToC, etc., typesetting
Package tocloft Info: The document has chapter divisions on input line 43.
\cftparskip=\skip52
\cftbeforetoctitleskip=\skip53
\cftaftertoctitleskip=\skip54
\cftbeforepartskip=\skip55
\cftpartnumwidth=\skip56
\cftpartindent=\skip57
\cftbeforechapskip=\skip58
\cftchapindent=\skip59
\cftchapnumwidth=\skip60
\cftbeforesecskip=\skip61
\cftsecindent=\skip62
\cftsecnumwidth=\skip63
\cftbeforesubsecskip=\skip64
\cftsubsecindent=\skip65
\cftsubsecnumwidth=\skip66
\cftbeforesubsubsecskip=\skip67
\cftsubsubsecindent=\skip68
\cftsubsubsecnumwidth=\skip69
\cftbeforeparaskip=\skip70
\cftparaindent=\skip71
\cftparanumwidth=\skip72
\cftbeforesubparaskip=\skip73
\cftsubparaindent=\skip74
\cftsubparanumwidth=\skip75
\cftbeforeloftitleskip=\skip76
\cftafterloftitleskip=\skip77
\cftbeforefigskip=\skip78
\cftfigindent=\skip79
\cftfignumwidth=\skip80
\cftbeforelottitleskip=\skip81
\cftafterlottitleskip=\skip82
\cftbeforetabskip=\skip83
\cfttabindent=\skip84
\cfttabnumwidth=\skip85
\cftbeforesubfigskip=\skip86
\cftsubfigindent=\skip87
\cftsubfignumwidth=\skip88
\cftbeforesubtabskip=\skip89
\cftsubtabindent=\skip90
\cftsubtabnumwidth=\skip91
)
("C:\Program Files\MiKTeX\tex\latex\tocbibind\tocbibind.sty"
Package: tocbibind 2010/10/13 v1.5k extra ToC listings
Package tocbibind Info: The document has chapter divisions on input line 50.


Package tocbibind Note: Using section or other style headings.

) ("C:\Program Files\MiKTeX\tex\latex\enumitem\enumitem.sty"
Package: enumitem 2011/08/06 v3.4 Customized lists
\labelindent=\skip92
\enit@outerparindent=\dimen112
\enit@toks=\toks16
\enit@inbox=\box26
\enitdp@description=\count94
)
("C:\Program Files\MiKTeX\tex\latex\amsfonts\amsfonts.sty"
Package: amsfonts 2009/06/22 v3.00 Basic AMSFonts support
\@emptytoks=\toks17
\symAMSa=\mathgroup4
\symAMSb=\mathgroup5
LaTeX Font Info:    Overwriting math alphabet `\mathfrak' in version `bold'
(Font)                  U/euf/m/n --> U/euf/b/n on input line 96.
)
("C:\Program Files\MiKTeX\tex\latex\ams\math\amsmath.sty"
Package: amsmath 2000/07/18 v2.13 AMS math features
\@mathmargin=\skip93

For additional information on amsmath, use the `?' option.
("C:\Program Files\MiKTeX\tex\latex\ams\math\amstext.sty"
Package: amstext 2000/06/29 v2.01

("C:\Program Files\MiKTeX\tex\latex\ams\math\amsgen.sty"
File: amsgen.sty 1999/11/30 v2.0
\@emptytoks=\toks18
\ex@=\dimen113
))
("C:\Program Files\MiKTeX\tex\latex\ams\math\amsbsy.sty"
Package: amsbsy 1999/11/29 v1.2d
\pmbraise@=\dimen114
)
("C:\Program Files\MiKTeX\tex\latex\ams\math\amsopn.sty"
Package: amsopn 1999/12/14 v2.01 operator names
)
\inf@bad=\count95
LaTeX Info: Redefining \frac on input line 211.
\uproot@=\count96
\leftroot@=\count97
LaTeX Info: Redefining \overline on input line 307.
\classnum@=\count98
\DOTSCASE@=\count99
LaTeX Info: Redefining \ldots on input line 379.
LaTeX Info: Redefining \dots on input line 382.
LaTeX Info: Redefining \cdots on input line 467.
\Mathstrutbox@=\box27
\strutbox@=\box28
\big@size=\dimen115
LaTeX Font Info:    Redeclaring font encoding OML on input line 567.
LaTeX Font Info:    Redeclaring font encoding OMS on input line 568.
\macc@depth=\count100
\c@MaxMatrixCols=\count101
\dotsspace@=\muskip10
\c@parentequation=\count102
\dspbrk@lvl=\count103
\tag@help=\toks19
\row@=\count104
\column@=\count105
\maxfields@=\count106
\andhelp@=\toks20
\eqnshift@=\dimen116
\alignsep@=\dimen117
\tagshift@=\dimen118
\tagwidth@=\dimen119
\totwidth@=\dimen120
\lineht@=\dimen121
\@envbody=\toks21
\multlinegap=\skip94
\multlinetaggap=\skip95
\mathdisplay@stack=\toks22
LaTeX Info: Redefining \[ on input line 2666.
LaTeX Info: Redefining \] on input line 2667.
)
("C:\Program Files\MiKTeX\tex\latex\amsfonts\amssymb.sty"
Package: amssymb 2009/06/22 v3.00
)
\c@theorem=\count107

("C:\Program Files\MiKTeX\tex\latex\graphics\color.sty"
Package: color 2005/11/14 v1.0j Standard LaTeX Color (DPC)

("C:\Program Files\MiKTeX\tex\latex\00miktex\color.cfg"
File: color.cfg 2007/01/18 v1.5 color configuration of teTeX/TeXLive
)
Package color Info: Driver file: pdftex.def on input line 130.

("C:\Program Files\MiKTeX\tex\latex\pdftex-def\pdftex.def"
File: pdftex.def 2010/09/14 v0.05b Graphics/color for pdfTeX
\Gread@gobject=\count108
))
("C:\Program Files\MiKTeX\tex\latex\graphics\graphicx.sty"
Package: graphicx 1999/02/16 v1.0f Enhanced LaTeX Graphics (DPC,SPQR)

("C:\Program Files\MiKTeX\tex\latex\graphics\graphics.sty"
Package: graphics 2009/02/05 v1.0o Standard LaTeX Graphics (DPC,SPQR)

("C:\Program Files\MiKTeX\tex\latex\graphics\trig.sty"
Package: trig 1999/03/16 v1.09 sin cos tan (DPC)
)
("C:\Program Files\MiKTeX\tex\latex\00miktex\graphics.cfg"
File: graphics.cfg 2007/01/18 v1.5 graphics configuration of teTeX/TeXLive
)
Package graphics Info: Driver file: pdftex.def on input line 91.
)
\Gin@req@height=\dimen122
\Gin@req@width=\dimen123
)
("C:\Program Files\MiKTeX\tex\latex\rotating\rotating.sty"
Package: rotating 2009/03/28 v2.16a rotated objects in LaTeX
\c@r@tfl@t=\count109
\rotFPtop=\skip96
\rotFPbot=\skip97
\rot@float@box=\box29
\rot@mess@toks=\toks23
)
(C:\Users\Ruben\AppData\Roaming\MiKTeX\2.9\tex\latex\pgf\frontendlayer\tikz.sty
(C:\Users\Ruben\AppData\Roaming\MiKTeX\2.9\tex\latex\pgf\basiclayer\pgf.sty
(C:\Users\Ruben\AppData\Roaming\MiKTeX\2.9\tex\latex\pgf\utilities\pgfrcs.sty
(C:\Users\Ruben\AppData\Roaming\MiKTeX\2.9\tex\generic\pgf\utilities\pgfutil-co
mmon.tex
\pgfutil@everybye=\toks24
)
(C:\Users\Ruben\AppData\Roaming\MiKTeX\2.9\tex\generic\pgf\utilities\pgfutil-la
tex.def
\pgfutil@abb=\box30
 ("C:\Program Files\MiKTeX\tex\latex\ms\everyshi.sty"
Package: everyshi 2001/05/15 v3.00 EveryShipout Package (MS)
))
(C:\Users\Ruben\AppData\Roaming\MiKTeX\2.9\tex\generic\pgf\utilities\pgfrcs.cod
e.tex
Package: pgfrcs 2010/10/25 v2.10 (rcs-revision 1.24)
))
Package: pgf 2008/01/15 v2.10 (rcs-revision 1.12)

(C:\Users\Ruben\AppData\Roaming\MiKTeX\2.9\tex\latex\pgf\basiclayer\pgfcore.sty

(C:\Users\Ruben\AppData\Roaming\MiKTeX\2.9\tex\latex\pgf\systemlayer\pgfsys.sty

(C:\Users\Ruben\AppData\Roaming\MiKTeX\2.9\tex\generic\pgf\systemlayer\pgfsys.c
ode.tex
Package: pgfsys 2010/06/30 v2.10 (rcs-revision 1.37)

(C:\Users\Ruben\AppData\Roaming\MiKTeX\2.9\tex\generic\pgf\utilities\pgfkeys.co
de.tex
\pgfkeys@pathtoks=\toks25
\pgfkeys@temptoks=\toks26

(C:\Users\Ruben\AppData\Roaming\MiKTeX\2.9\tex\generic\pgf\utilities\pgfkeysfil
tered.code.tex
\pgfkeys@tmptoks=\toks27
))
\pgf@x=\dimen124
\pgf@y=\dimen125
\pgf@xa=\dimen126
\pgf@ya=\dimen127
\pgf@xb=\dimen128
\pgf@yb=\dimen129
\pgf@xc=\dimen130
\pgf@yc=\dimen131
\w@pgf@writea=\write3
\r@pgf@reada=\read1
\c@pgf@counta=\count110
\c@pgf@countb=\count111
\c@pgf@countc=\count112
\c@pgf@countd=\count113

(C:\Users\Ruben\AppData\Roaming\MiKTeX\2.9\tex\generic\pgf\systemlayer\pgf.cfg
File: pgf.cfg 2008/05/14  (rcs-revision 1.7)
)
Package pgfsys Info: Driver file for pgf: pgfsys-pdftex.def on input line 900.

(C:\Users\Ruben\AppData\Roaming\MiKTeX\2.9\tex\generic\pgf\systemlayer\pgfsys-p
dftex.def
File: pgfsys-pdftex.def 2009/05/22  (rcs-revision 1.26)

(C:\Users\Ruben\AppData\Roaming\MiKTeX\2.9\tex\generic\pgf\systemlayer\pgfsys-c
ommon-pdf.def
File: pgfsys-common-pdf.def 2008/05/19  (rcs-revision 1.10)
)))
(C:\Users\Ruben\AppData\Roaming\MiKTeX\2.9\tex\generic\pgf\systemlayer\pgfsysso
ftpath.code.tex
File: pgfsyssoftpath.code.tex 2008/07/18  (rcs-revision 1.7)
\pgfsyssoftpath@smallbuffer@items=\count114
\pgfsyssoftpath@bigbuffer@items=\count115
)
(C:\Users\Ruben\AppData\Roaming\MiKTeX\2.9\tex\generic\pgf\systemlayer\pgfsyspr
otocol.code.tex
File: pgfsysprotocol.code.tex 2006/10/16  (rcs-revision 1.4)
)) ("C:\Program Files\MiKTeX\tex\latex\xcolor\xcolor.sty"
Package: xcolor 2007/01/21 v2.11 LaTeX color extensions (UK)

("C:\Program Files\MiKTeX\tex\latex\00miktex\color.cfg"
File: color.cfg 2007/01/18 v1.5 color configuration of teTeX/TeXLive
)
Package xcolor Info: Driver file: pdftex.def on input line 225.
LaTeX Info: Redefining \color on input line 702.
Package xcolor Info: Model `cmy' substituted by `cmy0' on input line 1337.
Package xcolor Info: Model `hsb' substituted by `rgb' on input line 1341.
Package xcolor Info: Model `RGB' extended on input line 1353.
Package xcolor Info: Model `HTML' substituted by `rgb' on input line 1355.
Package xcolor Info: Model `Hsb' substituted by `hsb' on input line 1356.
Package xcolor Info: Model `tHsb' substituted by `hsb' on input line 1357.
Package xcolor Info: Model `HSB' substituted by `hsb' on input line 1358.
Package xcolor Info: Model `Gray' substituted by `gray' on input line 1359.
Package xcolor Info: Model `wave' substituted by `hsb' on input line 1360.
)
(C:\Users\Ruben\AppData\Roaming\MiKTeX\2.9\tex\generic\pgf\basiclayer\pgfcore.c
ode.tex
Package: pgfcore 2010/04/11 v2.10 (rcs-revision 1.7)

(C:\Users\Ruben\AppData\Roaming\MiKTeX\2.9\tex\generic\pgf\math\pgfmath.code.te
x
(C:\Users\Ruben\AppData\Roaming\MiKTeX\2.9\tex\generic\pgf\math\pgfmathcalc.cod
e.tex
(C:\Users\Ruben\AppData\Roaming\MiKTeX\2.9\tex\generic\pgf\math\pgfmathutil.cod
e.tex)
(C:\Users\Ruben\AppData\Roaming\MiKTeX\2.9\tex\generic\pgf\math\pgfmathparser.c
ode.tex
\pgfmath@dimen=\dimen132
\pgfmath@count=\count116
\pgfmath@box=\box31
\pgfmath@toks=\toks28
\pgfmath@stack@operand=\toks29
\pgfmath@stack@operation=\toks30
)
(C:\Users\Ruben\AppData\Roaming\MiKTeX\2.9\tex\generic\pgf\math\pgfmathfunction
s.code.tex
(C:\Users\Ruben\AppData\Roaming\MiKTeX\2.9\tex\generic\pgf\math\pgfmathfunction
s.basic.code.tex)
(C:\Users\Ruben\AppData\Roaming\MiKTeX\2.9\tex\generic\pgf\math\pgfmathfunction
s.trigonometric.code.tex)
(C:\Users\Ruben\AppData\Roaming\MiKTeX\2.9\tex\generic\pgf\math\pgfmathfunction
s.random.code.tex)
(C:\Users\Ruben\AppData\Roaming\MiKTeX\2.9\tex\generic\pgf\math\pgfmathfunction
s.comparison.code.tex)
(C:\Users\Ruben\AppData\Roaming\MiKTeX\2.9\tex\generic\pgf\math\pgfmathfunction
s.base.code.tex)
(C:\Users\Ruben\AppData\Roaming\MiKTeX\2.9\tex\generic\pgf\math\pgfmathfunction
s.round.code.tex)
(C:\Users\Ruben\AppData\Roaming\MiKTeX\2.9\tex\generic\pgf\math\pgfmathfunction
s.misc.code.tex)))
(C:\Users\Ruben\AppData\Roaming\MiKTeX\2.9\tex\generic\pgf\math\pgfmathfloat.co
de.tex
\c@pgfmathroundto@lastzeros=\count117
))
(C:\Users\Ruben\AppData\Roaming\MiKTeX\2.9\tex\generic\pgf\basiclayer\pgfcorepo
ints.code.tex
File: pgfcorepoints.code.tex 2010/04/09  (rcs-revision 1.20)
\pgf@picminx=\dimen133
\pgf@picmaxx=\dimen134
\pgf@picminy=\dimen135
\pgf@picmaxy=\dimen136
\pgf@pathminx=\dimen137
\pgf@pathmaxx=\dimen138
\pgf@pathminy=\dimen139
\pgf@pathmaxy=\dimen140
\pgf@xx=\dimen141
\pgf@xy=\dimen142
\pgf@yx=\dimen143
\pgf@yy=\dimen144
\pgf@zx=\dimen145
\pgf@zy=\dimen146
)
(C:\Users\Ruben\AppData\Roaming\MiKTeX\2.9\tex\generic\pgf\basiclayer\pgfcorepa
thconstruct.code.tex
File: pgfcorepathconstruct.code.tex 2010/08/03  (rcs-revision 1.24)
\pgf@path@lastx=\dimen147
\pgf@path@lasty=\dimen148
)
(C:\Users\Ruben\AppData\Roaming\MiKTeX\2.9\tex\generic\pgf\basiclayer\pgfcorepa
thusage.code.tex
File: pgfcorepathusage.code.tex 2008/04/22  (rcs-revision 1.12)
\pgf@shorten@end@additional=\dimen149
\pgf@shorten@start@additional=\dimen150
)
(C:\Users\Ruben\AppData\Roaming\MiKTeX\2.9\tex\generic\pgf\basiclayer\pgfcoresc
opes.code.tex
File: pgfcorescopes.code.tex 2010/09/08  (rcs-revision 1.34)
\pgfpic=\box32
\pgf@hbox=\box33
\pgf@layerbox@main=\box34
\pgf@picture@serial@count=\count118
)
(C:\Users\Ruben\AppData\Roaming\MiKTeX\2.9\tex\generic\pgf\basiclayer\pgfcoregr
aphicstate.code.tex
File: pgfcoregraphicstate.code.tex 2008/04/22  (rcs-revision 1.9)
\pgflinewidth=\dimen151
)
(C:\Users\Ruben\AppData\Roaming\MiKTeX\2.9\tex\generic\pgf\basiclayer\pgfcoretr
ansformations.code.tex
File: pgfcoretransformations.code.tex 2009/06/10  (rcs-revision 1.11)
\pgf@pt@x=\dimen152
\pgf@pt@y=\dimen153
\pgf@pt@temp=\dimen154
)
(C:\Users\Ruben\AppData\Roaming\MiKTeX\2.9\tex\generic\pgf\basiclayer\pgfcorequ
ick.code.tex
File: pgfcorequick.code.tex 2008/10/09  (rcs-revision 1.3)
)
(C:\Users\Ruben\AppData\Roaming\MiKTeX\2.9\tex\generic\pgf\basiclayer\pgfcoreob
jects.code.tex
File: pgfcoreobjects.code.tex 2006/10/11  (rcs-revision 1.2)
)
(C:\Users\Ruben\AppData\Roaming\MiKTeX\2.9\tex\generic\pgf\basiclayer\pgfcorepa
thprocessing.code.tex
File: pgfcorepathprocessing.code.tex 2008/10/09  (rcs-revision 1.8)
)
(C:\Users\Ruben\AppData\Roaming\MiKTeX\2.9\tex\generic\pgf\basiclayer\pgfcorear
rows.code.tex
File: pgfcorearrows.code.tex 2008/04/23  (rcs-revision 1.11)
)
(C:\Users\Ruben\AppData\Roaming\MiKTeX\2.9\tex\generic\pgf\basiclayer\pgfcoresh
ade.code.tex
File: pgfcoreshade.code.tex 2008/11/23  (rcs-revision 1.13)
\pgf@max=\dimen155
\pgf@sys@shading@range@num=\count119
)
(C:\Users\Ruben\AppData\Roaming\MiKTeX\2.9\tex\generic\pgf\basiclayer\pgfcoreim
age.code.tex
File: pgfcoreimage.code.tex 2010/03/25  (rcs-revision 1.16)

(C:\Users\Ruben\AppData\Roaming\MiKTeX\2.9\tex\generic\pgf\basiclayer\pgfcoreex
ternal.code.tex
File: pgfcoreexternal.code.tex 2010/09/01  (rcs-revision 1.17)
\pgfexternal@startupbox=\box35
))
(C:\Users\Ruben\AppData\Roaming\MiKTeX\2.9\tex\generic\pgf\basiclayer\pgfcorela
yers.code.tex
File: pgfcorelayers.code.tex 2010/08/27  (rcs-revision 1.2)
)
(C:\Users\Ruben\AppData\Roaming\MiKTeX\2.9\tex\generic\pgf\basiclayer\pgfcoretr
ansparency.code.tex
File: pgfcoretransparency.code.tex 2008/01/17  (rcs-revision 1.2)
)
(C:\Users\Ruben\AppData\Roaming\MiKTeX\2.9\tex\generic\pgf\basiclayer\pgfcorepa
tterns.code.tex
File: pgfcorepatterns.code.tex 2009/07/02  (rcs-revision 1.3)
)))
(C:\Users\Ruben\AppData\Roaming\MiKTeX\2.9\tex\generic\pgf\modules\pgfmodulesha
pes.code.tex
File: pgfmoduleshapes.code.tex 2010/09/09  (rcs-revision 1.13)
\pgfnodeparttextbox=\box36
)
(C:\Users\Ruben\AppData\Roaming\MiKTeX\2.9\tex\generic\pgf\modules\pgfmoduleplo
t.code.tex
File: pgfmoduleplot.code.tex 2010/10/22  (rcs-revision 1.8)
)
(C:\Users\Ruben\AppData\Roaming\MiKTeX\2.9\tex\latex\pgf\compatibility\pgfcomp-
version-0-65.sty
Package: pgfcomp-version-0-65 2007/07/03 v2.10 (rcs-revision 1.7)
\pgf@nodesepstart=\dimen156
\pgf@nodesepend=\dimen157
)
(C:\Users\Ruben\AppData\Roaming\MiKTeX\2.9\tex\latex\pgf\compatibility\pgfcomp-
version-1-18.sty
Package: pgfcomp-version-1-18 2007/07/23 v2.10 (rcs-revision 1.1)
))
(C:\Users\Ruben\AppData\Roaming\MiKTeX\2.9\tex\latex\pgf\utilities\pgffor.sty
(C:\Users\Ruben\AppData\Roaming\MiKTeX\2.9\tex\latex\pgf\utilities\pgfkeys.sty
(C:\Users\Ruben\AppData\Roaming\MiKTeX\2.9\tex\generic\pgf\utilities\pgfkeys.co
de.tex))
(C:\Users\Ruben\AppData\Roaming\MiKTeX\2.9\tex\generic\pgf\utilities\pgffor.cod
e.tex
Package: pgffor 2010/03/23 v2.10 (rcs-revision 1.18)
\pgffor@iter=\dimen158
\pgffor@skip=\dimen159
\pgffor@stack=\toks31
\pgffor@toks=\toks32
))
(C:\Users\Ruben\AppData\Roaming\MiKTeX\2.9\tex\generic\pgf\frontendlayer\tikz\t
ikz.code.tex
Package: tikz 2010/10/13 v2.10 (rcs-revision 1.76)

(C:\Users\Ruben\AppData\Roaming\MiKTeX\2.9\tex\generic\pgf\libraries\pgflibrary
plothandlers.code.tex
File: pgflibraryplothandlers.code.tex 2010/05/31 v2.10 (rcs-revision 1.15)
\pgf@plot@mark@count=\count120
\pgfplotmarksize=\dimen160
)
\tikz@lastx=\dimen161
\tikz@lasty=\dimen162
\tikz@lastxsaved=\dimen163
\tikz@lastysaved=\dimen164
\tikzleveldistance=\dimen165
\tikzsiblingdistance=\dimen166
\tikz@figbox=\box37
\tikz@tempbox=\box38
\tikztreelevel=\count121
\tikznumberofchildren=\count122
\tikznumberofcurrentchild=\count123
\tikz@fig@count=\count124

(C:\Users\Ruben\AppData\Roaming\MiKTeX\2.9\tex\generic\pgf\modules\pgfmodulemat
rix.code.tex
File: pgfmodulematrix.code.tex 2010/08/24  (rcs-revision 1.4)
\pgfmatrixcurrentrow=\count125
\pgfmatrixcurrentcolumn=\count126
\pgf@matrix@numberofcolumns=\count127
)
\tikz@expandcount=\count128

(C:\Users\Ruben\AppData\Roaming\MiKTeX\2.9\tex\generic\pgf\frontendlayer\tikz\l
ibraries\tikzlibrarytopaths.code.tex
File: tikzlibrarytopaths.code.tex 2008/06/17 v2.10 (rcs-revision 1.2)
)))
(C:\Users\Ruben\AppData\Roaming\MiKTeX\2.9\tex\generic\pgf\frontendlayer\tikz\l
ibraries\tikzlibraryshapes.code.tex
File: tikzlibraryshapes.code.tex 2008/01/09 v2.10 (rcs-revision 1.1)

(C:\Users\Ruben\AppData\Roaming\MiKTeX\2.9\tex\generic\pgf\frontendlayer\tikz\l
ibraries\tikzlibraryshapes.geometric.code.tex
File: tikzlibraryshapes.geometric.code.tex 2008/01/09 v2.10 (rcs-revision 1.1)

(C:\Users\Ruben\AppData\Roaming\MiKTeX\2.9\tex\generic\pgf\libraries\shapes\pgf
libraryshapes.geometric.code.tex
File: pgflibraryshapes.geometric.code.tex 2008/06/26 v2.10 (rcs-revision 1.1)
))
(C:\Users\Ruben\AppData\Roaming\MiKTeX\2.9\tex\generic\pgf\frontendlayer\tikz\l
ibraries\tikzlibraryshapes.misc.code.tex
File: tikzlibraryshapes.misc.code.tex 2008/01/09 v2.10 (rcs-revision 1.1)

(C:\Users\Ruben\AppData\Roaming\MiKTeX\2.9\tex\generic\pgf\libraries\shapes\pgf
libraryshapes.misc.code.tex
File: pgflibraryshapes.misc.code.tex 2008/10/07 v2.10 (rcs-revision 1.3)
))
(C:\Users\Ruben\AppData\Roaming\MiKTeX\2.9\tex\generic\pgf\frontendlayer\tikz\l
ibraries\tikzlibraryshapes.symbols.code.tex
File: tikzlibraryshapes.symbols.code.tex 2008/01/09 v2.10 (rcs-revision 1.1)

(C:\Users\Ruben\AppData\Roaming\MiKTeX\2.9\tex\generic\pgf\libraries\shapes\pgf
libraryshapes.symbols.code.tex
File: pgflibraryshapes.symbols.code.tex 2009/10/27 v2.10 (rcs-revision 1.3)
))
(C:\Users\Ruben\AppData\Roaming\MiKTeX\2.9\tex\generic\pgf\frontendlayer\tikz\l
ibraries\tikzlibraryshapes.arrows.code.tex
File: tikzlibraryshapes.arrows.code.tex 2008/01/09 v2.10 (rcs-revision 1.1)

(C:\Users\Ruben\AppData\Roaming\MiKTeX\2.9\tex\generic\pgf\libraries\shapes\pgf
libraryshapes.arrows.code.tex
File: pgflibraryshapes.arrows.code.tex 2008/06/26 v2.10 (rcs-revision 1.1)
))
(C:\Users\Ruben\AppData\Roaming\MiKTeX\2.9\tex\generic\pgf\frontendlayer\tikz\l
ibraries\tikzlibraryshapes.callouts.code.tex
(C:\Users\Ruben\AppData\Roaming\MiKTeX\2.9\tex\generic\pgf\libraries\shapes\pgf
libraryshapes.callouts.code.tex))
(C:\Users\Ruben\AppData\Roaming\MiKTeX\2.9\tex\generic\pgf\frontendlayer\tikz\l
ibraries\tikzlibraryshapes.multipart.code.tex
File: tikzlibraryshapes.multipart.code.tex 2008/01/09 v2.10 (rcs-revision 1.1)

(C:\Users\Ruben\AppData\Roaming\MiKTeX\2.9\tex\generic\pgf\libraries\shapes\pgf
libraryshapes.multipart.code.tex
File: pgflibraryshapes.multipart.code.tex 2010/01/07 v2.10 (rcs-revision 1.2)
\pgfnodepartlowerbox=\box39
\pgfnodeparttwobox=\box40
\pgfnodepartthreebox=\box41
\pgfnodepartfourbox=\box42
\pgfnodeparttwentybox=\box43
\pgfnodepartnineteenbox=\box44
\pgfnodeparteighteenbox=\box45
\pgfnodepartseventeenbox=\box46
\pgfnodepartsixteenbox=\box47
\pgfnodepartfifteenbox=\box48
\pgfnodepartfourteenbox=\box49
\pgfnodepartthirteenbox=\box50
\pgfnodeparttwelvebox=\box51
\pgfnodepartelevenbox=\box52
\pgfnodeparttenbox=\box53
\pgfnodepartninebox=\box54
\pgfnodeparteightbox=\box55
\pgfnodepartsevenbox=\box56
\pgfnodepartsixbox=\box57
\pgfnodepartfivebox=\box58
)))
(C:\Users\Ruben\AppData\Roaming\MiKTeX\2.9\tex\generic\pgf\frontendlayer\tikz\l
ibraries\tikzlibrarypatterns.code.tex
File: tikzlibrarypatterns.code.tex 2008/01/15 v2.10 (rcs-revision 1.2)

(C:\Users\Ruben\AppData\Roaming\MiKTeX\2.9\tex\generic\pgf\libraries\pgflibrary
patterns.code.tex
File: pgflibrarypatterns.code.tex 2008/03/03 v2.10 (rcs-revision 1.13)
)) ("C:\Program Files\MiKTeX\tex\latex\subfigure\subfigure.sty"
Package: subfigure 2002/07/30 v2.1.4 subfigure package
\subfigtopskip=\skip98
\subfigcapskip=\skip99
\subfigcaptopadj=\dimen167
\subfigbottomskip=\skip100
\subfigcapmargin=\dimen168
\subfiglabelskip=\skip101
\c@subfigure=\count129
\c@lofdepth=\count130
\c@subtable=\count131
\c@lotdepth=\count132

****************************************
* Local config file subfigure.cfg used *
****************************************
("C:\Program Files\MiKTeX\tex\latex\subfigure\subfigure.cfg")
\subfig@top=\skip102
\subfig@bottom=\skip103
)
("C:\Program Files\MiKTeX\tex\latex\supertabular\supertabular.sty"
Package: supertabular 2004/02/20 v4.1e the supertabular environment
\c@tracingst=\count133
\ST@wd=\dimen169
\ST@rightskip=\skip104
\ST@leftskip=\skip105
\ST@parfillskip=\skip106
\ST@pageleft=\dimen170
\ST@headht=\dimen171
\ST@tailht=\dimen172
\ST@pagesofar=\dimen173
\ST@pboxht=\dimen174
\ST@lineht=\dimen175
\ST@stretchht=\dimen176
\ST@prevht=\dimen177
\ST@toadd=\dimen178
\ST@dimen=\dimen179
\ST@pbox=\box59
)
("C:\Program Files\MiKTeX\tex\latex\colortbl\colortbl.sty"
Package: colortbl 2001/02/13 v0.1j Color table columns (DPC)

("C:\Program Files\MiKTeX\tex\latex\tools\array.sty"
Package: array 2008/09/09 v2.4c Tabular extension package (FMi)
\col@sep=\dimen180
\extrarowheight=\dimen181
\NC@list=\toks33
\extratabsurround=\skip107
\backup@length=\skip108
)
\everycr=\toks34
\minrowclearance=\skip109
)
("C:\Program Files\MiKTeX\tex\latex\tools\hhline.sty"
Package: hhline 1994/05/23 v2.03 Table rule package (DPC)
)
("C:\Program Files\MiKTeX\tex\latex\multirow\multirow.sty"
\bigstrutjot=\dimen182
)
("C:\Program Files\MiKTeX\tex\latex\caption\caption.sty"
Package: caption 2010/01/09 v3.1m Customizing captions (AR)

("C:\Program Files\MiKTeX\tex\latex\caption\caption3.sty"
Package: caption3 2010/01/14 v3.1m caption3 kernel (AR)
\captionmargin=\dimen183
\captionmargin@=\dimen184
\captionwidth=\dimen185
\caption@indent=\dimen186
\caption@parindent=\dimen187
\caption@hangindent=\dimen188
)
\c@ContinuedFloat=\count134
Package caption Info: rotating package is loaded.
Package caption Info: subfigure package is loaded.
Package caption Info: supertabular package is loaded.
)
("C:\Program Files\MiKTeX\tex\latex\listings\listings.sty"
\lst@mode=\count135
\lst@gtempboxa=\box60
\lst@token=\toks35
\lst@length=\count136
\lst@currlwidth=\dimen189
\lst@column=\count137
\lst@pos=\count138
\lst@lostspace=\dimen190
\lst@width=\dimen191
\lst@newlines=\count139
\lst@lineno=\count140
\lst@maxwidth=\dimen192

("C:\Program Files\MiKTeX\tex\latex\listings\lstmisc.sty"
File: lstmisc.sty 2007/02/22 1.4 (Carsten Heinz)
\c@lstnumber=\count141
\lst@skipnumbers=\count142
\lst@framebox=\box61
)
("C:\Program Files\MiKTeX\tex\latex\listings\listings.cfg"
File: listings.cfg 2007/02/22 1.4 listings configuration
))
Package: listings 2007/02/22 1.4 (Carsten Heinz)

("C:\Program Files\MiKTeX\tex\latex\natbib\natbib.sty"
Package: natbib 2010/09/13 8.31b (PWD, AO)
\bibhang=\skip110
\bibsep=\skip111
LaTeX Info: Redefining \cite on input line 694.
\c@NAT@ctr=\count143
)
("C:\Program Files\MiKTeX\tex\latex\hyperref\hyperref.sty"
Package: hyperref 2010/10/30 v6.81t Hypertext links for LaTeX

("C:\Program Files\MiKTeX\tex\generic\oberdiek\ltxcmds.sty"
Package: ltxcmds 2010/04/26 v1.7 LaTeX kernel commands for general use (HO)
)
("C:\Program Files\MiKTeX\tex\generic\oberdiek\infwarerr.sty"
Package: infwarerr 2010/04/08 v1.3 Providing info/warning/message (HO)
)
("C:\Program Files\MiKTeX\tex\generic\oberdiek\kvsetkeys.sty"
Package: kvsetkeys 2010/03/01 v1.9 Key value parser (HO)

("C:\Program Files\MiKTeX\tex\generic\oberdiek\etexcmds.sty"
Package: etexcmds 2010/01/28 v1.3 Prefix for e-TeX command names (HO)
Package etexcmds Info: Could not find \expanded.
(etexcmds)             That can mean that you are not using pdfTeX 1.50 or
(etexcmds)             that some package has redefined \expanded.
(etexcmds)             In the latter case, load this package earlier.
))
("C:\Program Files\MiKTeX\tex\generic\oberdiek\pdfescape.sty"
Package: pdfescape 2010/03/01 v1.9 Provides hex, PDF name and string conversion
s (HO)

("C:\Program Files\MiKTeX\tex\generic\oberdiek\pdftexcmds.sty"
Package: pdftexcmds 2010/04/01 v0.9 Utility functions of pdfTeX for LuaTeX (HO)


("C:\Program Files\MiKTeX\tex\generic\oberdiek\ifluatex.sty"
Package: ifluatex 2010/03/01 v1.3 Provides the ifluatex switch (HO)
Package ifluatex Info: LuaTeX not detected.
)
Package pdftexcmds Info: LuaTeX not detected.
Package pdftexcmds Info: \pdf@primitive is available.
Package pdftexcmds Info: \pdf@ifprimitive is available.
))
("C:\Program Files\MiKTeX\tex\latex\oberdiek\hycolor.sty"
Package: hycolor 2009/12/12 v1.6 Color options of hyperref/bookmark (HO)

("C:\Program Files\MiKTeX\tex\latex\oberdiek\xcolor-patch.sty"
Package: xcolor-patch 2009/12/12 xcolor patch
))
("C:\Program Files\MiKTeX\tex\latex\oberdiek\letltxmacro.sty"
Package: letltxmacro 2008/06/24 v1.3 Let assignment for LaTeX macros (HO)
)
("C:\Program Files\MiKTeX\tex\latex\oberdiek\kvoptions.sty"
Package: kvoptions 2010/02/22 v3.7 Keyval support for LaTeX options (HO)
)
\@linkdim=\dimen193
\Hy@linkcounter=\count144
\Hy@pagecounter=\count145

("C:\Program Files\MiKTeX\tex\latex\hyperref\pd1enc.def"
File: pd1enc.def 2010/10/30 v6.81t Hyperref: PDFDocEncoding definition (HO)
)
("C:\Program Files\MiKTeX\tex\generic\oberdiek\intcalc.sty"
Package: intcalc 2007/09/27 v1.1 Expandable integer calculations (HO)
)
\Hy@SavedSpaceFactor=\count146

("C:\Program Files\MiKTeX\tex\latex\00miktex\hyperref.cfg"
File: hyperref.cfg 2002/06/06 v1.2 hyperref configuration of TeXLive
)
Package hyperref Info: Option `final' set `true' on input line 3872.
Package hyperref Info: Option `final' set `true' on input line 3872.
Package hyperref Info: Hyper figures OFF on input line 3976.
Package hyperref Info: Link nesting OFF on input line 3981.
Package hyperref Info: Hyper index ON on input line 3984.
Package hyperref Info: Plain pages OFF on input line 3991.
Package hyperref Info: Backreferencing ON on input line 3994.
Package hyperref Info: Implicit mode ON; LaTeX internals redefined.
Package hyperref Info: Bookmarks ON on input line 4211.

("C:\Program Files\MiKTeX\tex\latex\hyperref\backref.sty"
Package: backref 2010/08/30 v1.36 Bibliographical back referencing

("C:\Program Files\MiKTeX\tex\latex\oberdiek\rerunfilecheck.sty"
Package: rerunfilecheck 2010/03/16 v1.6 Rerun checks for auxiliary files (HO)

("C:\Program Files\MiKTeX\tex\latex\oberdiek\atveryend.sty"
Package: atveryend 2010/03/24 v1.5 Hooks at very end of document (HO)
Package atveryend Info: \enddocument detected (standard).
)
("C:\Program Files\MiKTeX\tex\generic\oberdiek\uniquecounter.sty"
Package: uniquecounter 2009/12/18 v1.1 Provides unlimited unique counter (HO)

("C:\Program Files\MiKTeX\tex\generic\oberdiek\bigintcalc.sty"
Package: bigintcalc 2007/11/11 v1.1 Expandable big integer calculations (HO)
))
Package uniquecounter Info: New unique counter `rerunfilecheck' on input line 2
71.
))
\c@Hy@tempcnt=\count147

("C:\Program Files\MiKTeX\tex\latex\ltxmisc\url.sty"
\Urlmuskip=\muskip11
Package: url 2006/04/12  ver 3.3  Verb mode for urls, etc.
)
LaTeX Info: Redefining \url on input line 4566.

("C:\Program Files\MiKTeX\tex\generic\oberdiek\bitset.sty"
Package: bitset 2007/09/28 v1.0 Data type bit set (HO)
)
\Fld@menulength=\count148
\Field@Width=\dimen194
\Fld@charsize=\dimen195
Package hyperref Info: Hyper figures OFF on input line 5626.
Package hyperref Info: Link nesting OFF on input line 5631.
Package hyperref Info: Hyper index ON on input line 5634.
Package hyperref Info: backreferencing ON on input line 5639.
Package hyperref Info: Link coloring OFF on input line 5646.
Package hyperref Info: Link coloring with OCG OFF on input line 5651.
Package hyperref Info: PDF/A mode OFF on input line 5656.
LaTeX Info: Redefining \ref on input line 5696.
LaTeX Info: Redefining \pageref on input line 5700.

("C:\Program Files\MiKTeX\tex\generic\oberdiek\atbegshi.sty"
Package: atbegshi 2010/03/25 v1.12 At begin shipout hook (HO)
)
\Hy@abspage=\count149
\c@Item=\count150
\c@Hfootnote=\count151
)

Package hyperref Message: Driver (autodetected): hpdftex.

("C:\Program Files\MiKTeX\tex\latex\hyperref\hpdftex.def"
File: hpdftex.def 2010/10/30 v6.81t Hyperref driver for pdfTeX
\Fld@listcount=\count152
\c@bookmark@seq@number=\count153
\Hy@SectionHShift=\skip112
)
Package hyperref Info: Option `colorlinks' set `false' on input line 186.
Package hyperref Info: Option `plainpages' set `false' on input line 187.

("C:\Program Files\MiKTeX\tex\latex\textpos\textpos.sty"
Package: textpos 2010/09/30 v1.7g

Package: `textpos' 1.7g <2010 September 30>
\TP@textbox=\box62
\TPHorizModule=\dimen196
\TPVertModule=\dimen197
\TP@margin=\dimen198
\TP@absmargin=\dimen199
Grid set 16 x 16 = 28.45274pt x 42.67912pt
\TPboxrulesize=\dimen200
\TP@tbargs=\toks36
\TP@prevdepth=\dimen201
) ("C:\Program Files\MiKTeX\tex\latex\base\fontenc.sty"
Package: fontenc 2005/09/27 v1.99g Standard LaTeX package

("C:\Program Files\MiKTeX\tex\latex\base\t1enc.def"
File: t1enc.def 2005/09/27 v1.99g Standard LaTeX file
LaTeX Font Info:    Redeclaring font encoding T1 on input line 43.
))
("C:\Program Files\MiKTeX\tex\latex\lm\lmodern.sty"
Package: lmodern 2009/10/30 v1.6 Latin Modern Fonts
LaTeX Font Info:    Overwriting symbol font `operators' in version `normal'
(Font)                  OT1/cmr/m/n --> OT1/lmr/m/n on input line 22.
LaTeX Font Info:    Overwriting symbol font `letters' in version `normal'
(Font)                  OML/cmm/m/it --> OML/lmm/m/it on input line 23.
LaTeX Font Info:    Overwriting symbol font `symbols' in version `normal'
(Font)                  OMS/cmsy/m/n --> OMS/lmsy/m/n on input line 24.
LaTeX Font Info:    Overwriting symbol font `largesymbols' in version `normal'
(Font)                  OMX/cmex/m/n --> OMX/lmex/m/n on input line 25.
LaTeX Font Info:    Overwriting symbol font `operators' in version `bold'
(Font)                  OT1/cmr/bx/n --> OT1/lmr/bx/n on input line 26.
LaTeX Font Info:    Overwriting symbol font `letters' in version `bold'
(Font)                  OML/cmm/b/it --> OML/lmm/b/it on input line 27.
LaTeX Font Info:    Overwriting symbol font `symbols' in version `bold'
(Font)                  OMS/cmsy/b/n --> OMS/lmsy/b/n on input line 28.
LaTeX Font Info:    Overwriting symbol font `largesymbols' in version `bold'
(Font)                  OMX/cmex/m/n --> OMX/lmex/m/n on input line 29.
LaTeX Font Info:    Overwriting math alphabet `\mathbf' in version `normal'
(Font)                  OT1/cmr/bx/n --> OT1/lmr/bx/n on input line 31.
LaTeX Font Info:    Overwriting math alphabet `\mathsf' in version `normal'
(Font)                  OT1/cmss/m/n --> OT1/lmss/m/n on input line 32.
LaTeX Font Info:    Overwriting math alphabet `\mathit' in version `normal'
(Font)                  OT1/cmr/m/it --> OT1/lmr/m/it on input line 33.
LaTeX Font Info:    Overwriting math alphabet `\mathtt' in version `normal'
(Font)                  OT1/cmtt/m/n --> OT1/lmtt/m/n on input line 34.
LaTeX Font Info:    Overwriting math alphabet `\mathbf' in version `bold'
(Font)                  OT1/cmr/bx/n --> OT1/lmr/bx/n on input line 35.
LaTeX Font Info:    Overwriting math alphabet `\mathsf' in version `bold'
(Font)                  OT1/cmss/bx/n --> OT1/lmss/bx/n on input line 36.
LaTeX Font Info:    Overwriting math alphabet `\mathit' in version `bold'
(Font)                  OT1/cmr/bx/it --> OT1/lmr/bx/it on input line 37.
LaTeX Font Info:    Overwriting math alphabet `\mathtt' in version `bold'
(Font)                  OT1/cmtt/m/n --> OT1/lmtt/m/n on input line 38.
)
("C:\Program Files\MiKTeX\tex\latex\siunits\SIunits.sty"
Package: SIunits 2007/12/02 v1.36 Support for the International System of units
 (MH)


\@qskwidth=\skip113
\symgreek=\mathgroup6
("C:\Program Files\MiKTeX\tex\latex\siunits\SIunits.cfg")
Option `squaren' provided!
) ("C:\Program Files\MiKTeX\tex\latex\titlesec\titlesec.sty"
Package: titlesec 2011/12/15 v2.10.0 Sectioning titles
\ttl@box=\box63
\beforetitleunit=\skip114
\aftertitleunit=\skip115
\ttl@plus=\dimen202
\ttl@minus=\dimen203
\ttl@toksa=\toks37
\titlewidth=\dimen204
\titlewidthlast=\dimen205
\titlewidthfirst=\dimen206
)
("C:\Program Files\MiKTeX\tex\latex\microtype\microtype.sty"
Package: microtype 2010/01/10 v2.4 Micro-typography with pdfTeX (RS)
\MT@toks=\toks38
\MT@count=\count154
LaTeX Info: Redefining \lsstyle on input line 1597.
LaTeX Info: Redefining \lslig on input line 1597.
\MT@outer@space=\skip116
LaTeX Info: Redefining \textls on input line 1605.
\MT@outer@kern=\dimen207
LaTeX Info: Redefining \textmicrotypecontext on input line 2156.
Package microtype Info: Loading configuration file microtype.cfg.

("C:\Program Files\MiKTeX\tex\latex\microtype\microtype.cfg"
File: microtype.cfg 2010/01/10 v2.4 microtype main configuration file (RS)
))
(C:\Users\Ruben\AppData\Roaming\MiKTeX\2.9\tex\generic\pgf\frontendlayer\tikz\l
ibraries\tikzlibraryarrows.code.tex
File: tikzlibraryarrows.code.tex 2008/01/09 v2.10 (rcs-revision 1.1)

(C:\Users\Ruben\AppData\Roaming\MiKTeX\2.9\tex\generic\pgf\libraries\pgflibrary
arrows.code.tex
File: pgflibraryarrows.code.tex 2008/10/27 v2.10 (rcs-revision 1.9)
\arrowsize=\dimen208
))
(C:\Users\Ruben\AppData\Roaming\MiKTeX\2.9\tex\generic\pgf\frontendlayer\tikz\l
ibraries\tikzlibraryfit.code.tex
File: tikzlibraryfit.code.tex 2008/06/21 v2.10 (rcs-revision 1.3)
)
(C:\Users\Ruben\AppData\Roaming\MiKTeX\2.9\tex\generic\pgf\frontendlayer\tikz\l
ibraries\tikzlibrarybackgrounds.code.tex
File: tikzlibrarybackgrounds.code.tex 2010/02/08 v2.10 (rcs-revision 1.2)
\pgf@layerbox@background=\box64
\pgf@layerboxsaved@background=\box65
)
(C:\Users\Ruben\AppData\Roaming\MiKTeX\2.9\tex\generic\pgf\frontendlayer\tikz\l
ibraries\tikzlibrarypositioning.code.tex
File: tikzlibrarypositioning.code.tex 2008/10/06 v2.10 (rcs-revision 1.7)
)
(C:\Users\Ruben\AppData\Roaming\MiKTeX\2.9\tex\latex\pgfplots\pgfplots.sty
(C:\Users\Ruben\AppData\Roaming\MiKTeX\2.9\tex\generic\pgfplots\pgfplots.revisi
on.tex)
Package: pgfplots 2011/07/29 v1.5 (git show 1.5-1-gcc2f2d2 )

(C:\Users\Ruben\AppData\Roaming\MiKTeX\2.9\tex\generic\pgfplots\pgfplots.code.t
ex
(C:\Users\Ruben\AppData\Roaming\MiKTeX\2.9\tex\generic\pgfplots\pgfplotscore.co
de.tex
\t@pgfplots@toka=\toks39
\t@pgfplots@tokb=\toks40
\t@pgfplots@tokc=\toks41
\pgfplots@tmpa=\dimen209
\c@pgfplots@coordindex=\count155
\c@pgfplots@scanlineindex=\count156

(C:\Users\Ruben\AppData\Roaming\MiKTeX\2.9\tex\generic\pgfplots\sys\pgfplotssys
generic.code.tex))
(C:\Users\Ruben\AppData\Roaming\MiKTeX\2.9\tex\generic\pgfplots\libs\pgfplotsli
brary.code.tex)
(C:\Users\Ruben\AppData\Roaming\MiKTeX\2.9\tex\generic\pgfplots\oldpgfcompatib\
pgfplotsoldpgfsupp_loader.code.tex
Package pgfplots: loading complementary code for your PGF version...

(C:\Users\Ruben\AppData\Roaming\MiKTeX\2.9\tex\generic\pgfplots\oldpgfcompatib\
pgfplotsoldpgfsupp_misc.code.tex)
(C:\Users\Ruben\AppData\Roaming\MiKTeX\2.9\tex\generic\pgfplots\oldpgfcompatib\
pgfplotsoldpgfsupp_pgfkeys.code.tex
\pgfkeys@pathtoks=\toks42
\pgfkeys@temptoks=\toks43

(C:\Users\Ruben\AppData\Roaming\MiKTeX\2.9\tex\generic\pgfplots\oldpgfcompatib\
pgfplotsoldpgfsupp_pgfkeysfiltered.code.tex
\pgfkeys@tmptoks=\toks44
))
(C:\Users\Ruben\AppData\Roaming\MiKTeX\2.9\tex\generic\pgfplots\oldpgfcompatib\
pgfplotsoldpgfsupp_pgfmathfloat.code.tex
\c@pgfmathroundto@lastzeros=\count157
)
(C:\Users\Ruben\AppData\Roaming\MiKTeX\2.9\tex\generic\pgfplots\oldpgfcompatib\
pgfplotsoldpgfsupp_pgflibraryplothandlers.code.tex
File: pgflibraryplothandlers.code.tex 2010/05/31 v2.10 (rcs-revision 1.15)
\pgf@plot@mark@count=\count158
\pgfplotmarksize=\dimen210
)
(C:\Users\Ruben\AppData\Roaming\MiKTeX\2.9\tex\generic\pgfplots\oldpgfcompatib\
pgfplotsoldpgfsupp_pgflibraryfpu.code.tex))
(C:\Users\Ruben\AppData\Roaming\MiKTeX\2.9\tex\generic\pgfplots\util\pgfplotsut
il.code.tex
(C:\Users\Ruben\AppData\Roaming\MiKTeX\2.9\tex\generic\pgfplots\liststructure\p
gfplotsliststructure.code.tex)
(C:\Users\Ruben\AppData\Roaming\MiKTeX\2.9\tex\generic\pgfplots\liststructure\p
gfplotsliststructureext.code.tex)
(C:\Users\Ruben\AppData\Roaming\MiKTeX\2.9\tex\generic\pgfplots\liststructure\p
gfplotsarray.code.tex
\c@pgfplotsarray@tmp=\count159
)
(C:\Users\Ruben\AppData\Roaming\MiKTeX\2.9\tex\generic\pgfplots\liststructure\p
gfplotsmatrix.code.tex)
(C:\Users\Ruben\AppData\Roaming\MiKTeX\2.9\tex\generic\pgfplots\numtable\pgfplo
tstableshared.code.tex
\c@pgfplotstable@counta=\count160
\t@pgfplotstable@a=\toks45
)
(C:\Users\Ruben\AppData\Roaming\MiKTeX\2.9\tex\generic\pgfplots\liststructure\p
gfplotsdeque.code.tex)
(C:\Users\Ruben\AppData\Roaming\MiKTeX\2.9\tex\generic\pgfplots\util\pgfplotsbi
nary.code.tex)
(C:\Users\Ruben\AppData\Roaming\MiKTeX\2.9\tex\generic\pgfplots\util\pgfplotsut
il.verb.code.tex)
(C:\Users\Ruben\AppData\Roaming\MiKTeX\2.9\tex\generic\pgfplots\libs\pgflibrary
pgfplots.surfshading.code.tex
\c@pgfplotslibrarysurf@no=\count161

(C:\Users\Ruben\AppData\Roaming\MiKTeX\2.9\tex\generic\pgfplots\sys\pgflibraryp
gfplots.surfshading.pgfsys-pdftex.def)))
(C:\Users\Ruben\AppData\Roaming\MiKTeX\2.9\tex\generic\pgfplots\util\pgfplotsco
lormap.code.tex)
(C:\Users\Ruben\AppData\Roaming\MiKTeX\2.9\tex\generic\pgfplots\pgfplotsstacked
plots.code.tex)
(C:\Users\Ruben\AppData\Roaming\MiKTeX\2.9\tex\generic\pgfplots\pgfplotsplothan
dlers.code.tex
(C:\Users\Ruben\AppData\Roaming\MiKTeX\2.9\tex\generic\pgfplots\pgfplotsmeshplo
thandler.code.tex))
(C:\Users\Ruben\AppData\Roaming\MiKTeX\2.9\tex\generic\pgfplots\pgfplotscoordpr
ocessing.code.tex)
(C:\Users\Ruben\AppData\Roaming\MiKTeX\2.9\tex\generic\pgfplots\pgfplotsticks.c
ode.tex)
(C:\Users\Ruben\AppData\Roaming\MiKTeX\2.9\tex\generic\pgf\frontendlayer\tikz\l
ibraries\tikzlibrarydecorations.code.tex
(C:\Users\Ruben\AppData\Roaming\MiKTeX\2.9\tex\generic\pgf\modules\pgfmoduledec
orations.code.tex
\pgfdecoratedcompleteddistance=\dimen211
\pgfdecoratedremainingdistance=\dimen212
\pgfdecoratedinputsegmentcompleteddistance=\dimen213
\pgfdecoratedinputsegmentremainingdistance=\dimen214
\pgf@decorate@distancetomove=\dimen215
\pgf@decorate@repeatstate=\count162
\pgfdecorationsegmentamplitude=\dimen216
\pgfdecorationsegmentlength=\dimen217
)
\tikz@lib@dec@box=\box66
)
(C:\Users\Ruben\AppData\Roaming\MiKTeX\2.9\tex\generic\pgf\frontendlayer\tikz\l
ibraries\tikzlibrarydecorations.pathmorphing.code.tex
(C:\Users\Ruben\AppData\Roaming\MiKTeX\2.9\tex\generic\pgf\libraries\decoration
s\pgflibrarydecorations.pathmorphing.code.tex))
(C:\Users\Ruben\AppData\Roaming\MiKTeX\2.9\tex\generic\pgf\frontendlayer\tikz\l
ibraries\tikzlibrarydecorations.pathreplacing.code.tex
(C:\Users\Ruben\AppData\Roaming\MiKTeX\2.9\tex\generic\pgf\libraries\decoration
s\pgflibrarydecorations.pathreplacing.code.tex))
\pgfplots@numplots=\count163
\pgfplots@xmin@reg=\dimen218
\pgfplots@xmax@reg=\dimen219
\pgfplots@ymin@reg=\dimen220
\pgfplots@ymax@reg=\dimen221
\pgfplots@zmin@reg=\dimen222
\pgfplots@zmax@reg=\dimen223
)
(C:\Users\Ruben\AppData\Roaming\MiKTeX\2.9\tex\generic\pgf\frontendlayer\tikz\l
ibraries\tikzlibraryplotmarks.code.tex
File: tikzlibraryplotmarks.code.tex 2008/01/09 v2.10 (rcs-revision 1.1)

(C:\Users\Ruben\AppData\Roaming\MiKTeX\2.9\tex\generic\pgf\libraries\pgflibrary
plotmarks.code.tex
File: pgflibraryplotmarks.code.tex 2010/10/15 v2.10 (rcs-revision 1.12)
)))
(C:\Users\Ruben\AppData\Roaming\MiKTeX\2.9\tex\generic\pgfplots\libs\tikzlibrar
ypgfplots.groupplots.code.tex
\pgfplots@group@current@plot=\count164
\pgfplots@group@current@row=\count165
\pgfplots@group@current@column=\count166

(C:\Users\Ruben\AppData\Roaming\MiKTeX\2.9\tex\generic\pgf\frontendlayer\tikz\l
ibraries\tikzlibrarycalc.code.tex
File: tikzlibrarycalc.code.tex 2009/09/04 v2.10 (rcs-revision 1.6)
))
("C:\Program Files\MiKTeX\tex\generic\pgfplots\libs\tikzlibrarypgfplots.statist
ics.code.tex")
(C:\Users\Ruben\AppData\Roaming\MiKTeX\2.9\tex\generic\pgfplots\libs\tikzlibrar
ypgfplots.ternary.code.tex)
("C:\Program Files\MiKTeX\tex\latex\oberdiek\pdflscape.sty"
Package: pdflscape 2008/08/11 v0.10 Landscape pages in PDF (HO)

("C:\Program Files\MiKTeX\tex\latex\graphics\lscape.sty"
Package: lscape 2000/10/22 v3.01 Landscape Pages (DPC)
)
Package pdflscape Info: Auto-detected driver: pdftex on input line 77.
))
("C:\Program Files\MiKTeX\tex\latex\pdfsync\pdfsync.sty"
Package: pdfsync 2008/01/26 v1.1
)
(E:\3_PhD\3_Modelica\IDEAS\Specifications\Specs.aux
(E:\3_PhD\3_Modelica\IDEAS\Specifications\title/title.aux)
(E:\3_PhD\3_Modelica\IDEAS\Specifications\Climate/Climate.aux)
(E:\3_PhD\3_Modelica\IDEAS\Specifications\Buildings/BuildingModel.aux)
(E:\3_PhD\3_Modelica\IDEAS\Specifications\Thermal/ThermalSystemModel.aux

LaTeX Warning: Label `eq:' multiply defined.


LaTeX Warning: Label `eq:' multiply defined.


LaTeX Warning: Label `eq:' multiply defined.


LaTeX Warning: Label `eq:' multiply defined.


LaTeX Warning: Label `eq:' multiply defined.


LaTeX Warning: Label `eq:' multiply defined.


LaTeX Warning: Label `eq:' multiply defined.


LaTeX Warning: Label `tankinternal' multiply defined.

) (E:\3_PhD\3_Modelica\IDEAS\Specifications\Electric/ElectricSystemModel.aux

LaTeX Warning: Label `3Ploss' multiply defined.


LaTeX Warning: Label `3Ploss' multiply defined.

))
LaTeX Font Info:    Checking defaults for OML/cmm/m/it on input line 31.
LaTeX Font Info:    ... okay on input line 31.
LaTeX Font Info:    Checking defaults for T1/cmr/m/n on input line 31.
LaTeX Font Info:    ... okay on input line 31.
LaTeX Font Info:    Checking defaults for OT1/cmr/m/n on input line 31.
LaTeX Font Info:    ... okay on input line 31.
LaTeX Font Info:    Checking defaults for OMS/cmsy/m/n on input line 31.
LaTeX Font Info:    ... okay on input line 31.
LaTeX Font Info:    Checking defaults for OMX/cmex/m/n on input line 31.
LaTeX Font Info:    ... okay on input line 31.
LaTeX Font Info:    Checking defaults for U/cmr/m/n on input line 31.
LaTeX Font Info:    ... okay on input line 31.
LaTeX Font Info:    Checking defaults for PD1/pdf/m/n on input line 31.
LaTeX Font Info:    ... okay on input line 31.
LaTeX Font Info:    Checking defaults for TS1/cmr/m/n on input line 31.
LaTeX Font Info:    Try loading font information for TS1+cmr on input line 31.
 ("C:\Program Files\MiKTeX\tex\latex\base\ts1cmr.fd"
File: ts1cmr.fd 1999/05/25 v2.5h Standard LaTeX font definitions
)
LaTeX Font Info:    ... okay on input line 31.
LaTeX Font Info:    Try loading font information for T1+lmr on input line 31.

("C:\Program Files\MiKTeX\tex\latex\lm\t1lmr.fd"
File: t1lmr.fd 2009/10/30 v1.6 Font defs for Latin Modern
)
*geometry* driver: auto-detecting
*geometry* detected driver: pdftex
*geometry* verbose mode - [ preamble ] result:
* driver: pdftex
* paper: custom
* layout: <same size as paper>
* layoutoffset:(h,v)=(0.0pt,0.0pt)
* modes: twoside 
* h-part:(L,W,R)=(42.67912pt, 341.43307pt, 71.13188pt)
* v-part:(T,H,B)=(99.58464pt, 512.14961pt, 71.13188pt)
* \paperwidth=455.24408pt
* \paperheight=682.86613pt
* \textwidth=341.43307pt
* \textheight=512.14961pt
* \oddsidemargin=-29.59087pt
* \evensidemargin=-1.1381pt
* \topmargin=-20.68535pt
* \headheight=24.0pt
* \headsep=24.0pt
* \topskip=10.0pt
* \footskip=25.29494pt
* \marginparwidth=115.0pt
* \marginparsep=7.0pt
* \columnsep=10.0pt
* \skip\footins=9.0pt plus 4.0pt minus 2.0pt
* \hoffset=0.0pt
* \voffset=0.0pt
* \mag=1000
* \@twocolumnfalse
* \@twosidetrue
* \@mparswitchtrue
* \@reversemarginfalse
* (1in=72.27pt=25.4mm, 1cm=28.453pt)

("C:\Program Files\MiKTeX\tex\context\base\supp-pdf.mkii"
[Loading MPS to PDF converter (version 2006.09.02).]
\scratchcounter=\count167
\scratchdimen=\dimen224
\scratchbox=\box67
\nofMPsegments=\count168
\nofMParguments=\count169
\everyMPshowfont=\toks46
\MPscratchCnt=\count170
\MPscratchDim=\dimen225
\MPnumerator=\count171
\everyMPtoPDFconversion=\toks47
) ABD: EveryShipout initializing macros
Package caption Info: Begin \AtBeginDocument code.
Package caption Info: hyperref package is loaded.
Package caption Info: listings package is loaded.
Package caption Info: End \AtBeginDocument code.
\c@lstlisting=\count172
Package backref Info: ** backref set up for natbib ** on input line 31.
\AtBeginShipoutBox=\box68
Package hyperref Info: Link coloring OFF on input line 31.

("C:\Program Files\MiKTeX\tex\latex\hyperref\nameref.sty"
Package: nameref 2010/04/30 v2.40 Cross-referencing by name of section

("C:\Program Files\MiKTeX\tex\latex\oberdiek\refcount.sty"
Package: refcount 2008/08/11 v3.1 Data extraction from references (HO)
)
("C:\Program Files\MiKTeX\tex\generic\oberdiek\gettitlestring.sty"
Package: gettitlestring 2009/12/18 v1.3 Cleanup title references (HO)
)
\c@section@level=\count173
)
LaTeX Info: Redefining \ref on input line 31.
LaTeX Info: Redefining \pageref on input line 31.
LaTeX Info: Redefining \nameref on input line 31.

(E:\3_PhD\3_Modelica\IDEAS\Specifications\Specs.out)
(E:\3_PhD\3_Modelica\IDEAS\Specifications\Specs.out)
\@outlinefile=\write4

Option `squaren' provided! 
 Command \squaren defined by SIunits package!

LaTeX Info: Redefining \microtypecontext on input line 31.
Package microtype Info: Generating PDF output.
Package microtype Info: Character protrusion enabled (level 2),
(microtype)             factor: 1100.
Package microtype Info: Using default protrusion set `alltext'.
Package microtype Info: Automatic font expansion enabled (level 2),
(microtype)             stretch: 10, shrink: 10, step: 1, non-selected.
Package microtype Info: Using default expansion set `basictext'.
Package microtype Info: Tracking enabled.
Package microtype Info: Using default tracking set `smallcaps'.
Package microtype Info: Adjustment of interword spacing enabled.
Package microtype Info: Using default spacing set `basictext'.
Package microtype Info: Adjustment of character kerning enabled.
Package microtype Info: Using default kerning set `alltext'.
("C:\Program Files\MiKTeX\tex\latex\microtype\mt-cmr.cfg"
File: mt-cmr.cfg 2009/11/09 v2.0 microtype config. file: Computer Modern Roman 
(RS)
)

Package microtype Warning: \nonfrenchspacing is active. Adjustment of
(microtype)                interword spacing will disable it. You might want
(microtype)                to add `\microtypecontext{spacing=nonfrench}'
(microtype)                to your preamble.

Configuring pdfsync
\PDFSYNC@ut=\write5
\PDFSYNCf@li@=\count174
\PDFSYNC@rder=\count175
**** pdfsync.sty: Synchronizing at \everypar
\PDFSYNCeveryp@r=\toks48
**** pdfsync.sty: Synchronizing at \everymath
\PDFSYNCeverym@th=\toks49
**** pdfsync.sty: Synchronizing at \everyhbox
\PDFSYNCeveryhb@x=\toks50
**** pdfsync.sty: Synchronizing at \everyvbox
\PDFSYNCeveryvb@x=\toks51
**** pdfsync.sty: started
(E:\3_PhD\3_Modelica\IDEAS\Specifications\title/title.tex
<figures/KULeuvenlogo.pdf, id=34, 159.33528pt x 56.9056pt>
File: figures/KULeuvenlogo.pdf Graphic file (type pdf)

<use figures/KULeuvenlogo.pdf>
LaTeX Font Info:    Try loading font information for OT1+lmr on input line 11.
 ("C:\Program Files\MiKTeX\tex\latex\lm\ot1lmr.fd"
File: ot1lmr.fd 2009/10/30 v1.6 Font defs for Latin Modern
)
LaTeX Font Info:    Try loading font information for OML+lmm on input line 11.
 ("C:\Program Files\MiKTeX\tex\latex\lm\omllmm.fd"
File: omllmm.fd 2009/10/30 v1.6 Font defs for Latin Modern
)
LaTeX Font Info:    Try loading font information for OMS+lmsy on input line 11.


("C:\Program Files\MiKTeX\tex\latex\lm\omslmsy.fd"
File: omslmsy.fd 2009/10/30 v1.6 Font defs for Latin Modern
)
LaTeX Font Info:    Try loading font information for OMX+lmex on input line 11.


("C:\Program Files\MiKTeX\tex\latex\lm\omxlmex.fd"
File: omxlmex.fd 2009/10/30 v1.6 Font defs for Latin Modern
)
LaTeX Font Info:    External font `lmex10' loaded for size
(Font)              <10> on input line 11.
LaTeX Font Info:    External font `lmex10' loaded for size
(Font)              <7> on input line 11.
LaTeX Font Info:    External font `lmex10' loaded for size
(Font)              <5> on input line 11.
LaTeX Font Info:    Try loading font information for U+msa on input line 11.

("C:\Program Files\MiKTeX\tex\latex\amsfonts\umsa.fd"
File: umsa.fd 2009/06/22 v3.00 AMS symbols A
)
("C:\Program Files\MiKTeX\tex\latex\microtype\mt-msa.cfg"
File: mt-msa.cfg 2006/02/04 v1.1 microtype config. file: AMS symbols (a) (RS)
)
LaTeX Font Info:    Try loading font information for U+msb on input line 11.

("C:\Program Files\MiKTeX\tex\latex\amsfonts\umsb.fd"
File: umsb.fd 2009/06/22 v3.00 AMS symbols B
)
("C:\Program Files\MiKTeX\tex\latex\microtype\mt-msb.cfg"
File: mt-msb.cfg 2005/06/01 v1.0 microtype config. file: AMS symbols (b) (RS)
)
("C:\Program Files\MiKTeX\tex\latex\microtype\mt-eur.cfg"
File: mt-eur.cfg 2006/07/31 v1.1 microtype config. file: AMS Euler Roman (RS)
)
Underfull \hbox (badness 10000) in paragraph at lines 8--20

 []

<figures/sedes.pdf, id=36, 781.23871pt x 636.6987pt>
File: figures/sedes.pdf Graphic file (type pdf)
 <use figures/sedes.pdf>
LaTeX Font Info:    External font `lmex10' loaded for size
(Font)              <9> on input line 34.
LaTeX Font Info:    External font `lmex10' loaded for size
(Font)              <6> on input line 34.

[1


{C:/Users/Ruben/AppData/Local/MiKTeX/2.9/pdftex/config/pdftex.map} <E:/3_PhD/3_
Modelica/IDEAS/Specifications/figures/KULeuvenlogo.pdf> <E:/3_PhD/3_Modelica/ID
EAS/Specifications/figures/sedes.pdf>] [2


])
Package microtype Info: Character `029' is missing
(microtype)             in font `T1/lmr/m/sc/17.28'.
(microtype)             Ignoring protrusion settings for this character.

(E:\3_PhD\3_Modelica\IDEAS\Specifications\Specs.toc
Package microtype Info: Character `029' is missing
(microtype)             in font `T1/lmr/m/sc/12'.
(microtype)             Ignoring protrusion settings for this character.
LaTeX Font Info:    External font `lmex10' loaded for size
(Font)              <12> on input line 4.
LaTeX Font Info:    External font `lmex10' loaded for size
(Font)              <8> on input line 4.
LaTeX Font Info:    Try loading font information for T1+bch on input line 5.

("C:\Program Files\MiKTeX\tex\latex\psnfss\t1bch.fd"
File: t1bch.fd 2004/10/18 font definitions for T1/bch.
)
("C:\Program Files\MiKTeX\tex\latex\microtype\mt-bch.cfg"
File: mt-bch.cfg 2007/03/03 v1.5 microtype config. file: Bitstream Charter (RS)

))
\tf@toc=\write6

Overfull \hbox (8.88885pt too wide) has occurred while \output is active
[][]    []
 []


Overfull \hbox (8.88885pt too wide) has occurred while \output is active
[][]    []
 []

[1




] [2

]
Overfull \hbox (8.88885pt too wide) has occurred while \output is active
[][]    []
 []


Overfull \hbox (8.88885pt too wide) has occurred while \output is active
[][]    []
 []

[1

] [2] (E:\3_PhD\3_Modelica\IDEAS\Specifications\Climate/Climate.tex
Chapter 1.
LaTeX Font Info:    Try loading font information for T1+lmtt on input line 28.
("C:\Program Files\MiKTeX\tex\latex\lm\t1lmtt.fd"
File: t1lmtt.fd 2009/10/30 v1.6 Font defs for Latin Modern
)

Package natbib Warning: Citation `NREC1995' on page 3 undefined on input line 2
8.


Overfull \hbox (8.88885pt too wide) has occurred while \output is active
[][]    []
 []


Overfull \hbox (8.88885pt too wide) has occurred while \output is active
[][]    []
 []

[3


]
Underfull \hbox (badness 10000) in paragraph at lines 30--31

 []


Underfull \hbox (badness 10000) in paragraph at lines 34--36

 []


Underfull \hbox (badness 10000) in paragraph at lines 51--52

 []


Overfull \hbox (8.88885pt too wide) has occurred while \output is active
[][]    []
 []


Overfull \hbox (8.88885pt too wide) has occurred while \output is active
[][]    []
 []

[4]
Overfull \hbox (213.20816pt too wide) detected at line 73
[][] [][]$[][][] [][] \OT1/lmr/m/n/9 = [] [] [] \OML/lmm/m/it/9 ' [] i[] \OMS/l
msy/m/n/9   [] [] [] \OML/lmm/m/it/9 ' [] i[] [] a[] \OT1/lmr/m/n/9 + [] [] [] 
\OML/lmm/m/it/9 ' [] i[] [] a[] \OT1/lmr/m/n/9 + []  [] [] [] [] [] \OML/lmm/m/
it/9 ' [] i[] [] a[] \OT1/lmr/m/n/9 + [] [] [] [] [] \OML/lmm/m/it/9 i[] [] a[]
$  
 []


Overfull \hbox (8.88885pt too wide) has occurred while \output is active
[][]    []
 []


Overfull \hbox (8.88885pt too wide) has occurred while \output is active
[][]    []
 []

[5]
Underfull \hbox (badness 10000) in paragraph at lines 84--85

 []


Overfull \hbox (17.89348pt too wide) in paragraph at lines 88--88
[][][] 
 []


Overfull \hbox (8.88885pt too wide) has occurred while \output is active
[][]    []
 []


Overfull \hbox (8.88885pt too wide) has occurred while \output is active
[][]    []
 []

[6])
Overfull \hbox (8.88885pt too wide) has occurred while \output is active
[][]    []
 []


Overfull \hbox (8.88885pt too wide) has occurred while \output is active
[][]    []
 []

[7] (E:\3_PhD\3_Modelica\IDEAS\Specifications\Buildings/BuildingModel.tex
[8



]
Chapter 2.
Package microtype Info: Character `029' is missing
(microtype)             in font `T1/lmr/m/sc/9'.
(microtype)             Ignoring protrusion settings for this character.

Overfull \hbox (8.88885pt too wide) has occurred while \output is active
[][]    []
 []


Overfull \hbox (8.88885pt too wide) has occurred while \output is active
[][]    []
 []

[9]
Underfull \hbox (badness 10000) in paragraph at lines 39--40

 []


LaTeX Warning: Reference `eq:Fce' on page 10 undefined on input line 55.


LaTeX Warning: Reference `eq:ESd,eq:ESD' on page 10 undefined on input line 62.



Overfull \hbox (8.88885pt too wide) has occurred while \output is active
[][]    []
 []


Overfull \hbox (8.88885pt too wide) has occurred while \output is active
[][]    []
 []

[10]
Underfull \hbox (badness 10000) in paragraph at lines 74--75

 []


Underfull \hbox (badness 10000) in paragraph at lines 83--84

 []


Overfull \hbox (8.88885pt too wide) has occurred while \output is active
[][]    []
 []


Overfull \hbox (8.88885pt too wide) has occurred while \output is active
[][]    []
 []

[11]
Overfull \hbox (8.88885pt too wide) has occurred while \output is active
[][]    []
 []


Overfull \hbox (8.88885pt too wide) has occurred while \output is active
[][]    []
 []

[12]
Underfull \hbox (badness 10000) in paragraph at lines 125--126

 []


Package natbib Warning: Citation `Lawrence1993' on page 13 undefined on input l
ine 134.


Underfull \hbox (badness 10000) in paragraph at lines 134--135

 []


Overfull \hbox (8.88885pt too wide) has occurred while \output is active
[][]    []
 []


Overfull \hbox (8.88885pt too wide) has occurred while \output is active
[][]    []
 []

[13]
Underfull \hbox (badness 10000) in paragraph at lines 138--140

 []


Package natbib Warning: Citation `Lawrence1993' on page 14 undefined on input l
ine 146.


Package natbib Warning: Citation `Solar2009' on page 14 undefined on input line
 146.


Overfull \hbox (8.88885pt too wide) has occurred while \output is active
[][]    []
 []


Overfull \hbox (8.88885pt too wide) has occurred while \output is active
[][]    []
 []

[14]
Underfull \hbox (badness 10000) in paragraph at lines 158--159

 []


Overfull \hbox (8.88885pt too wide) has occurred while \output is active
[][]    []
 []


Overfull \hbox (8.88885pt too wide) has occurred while \output is active
[][]    []
 []

[15])
Overfull \hbox (8.88885pt too wide) has occurred while \output is active
[][]    []
 []


Overfull \hbox (8.88885pt too wide) has occurred while \output is active
[][]    []
 []

[16] (E:\3_PhD\3_Modelica\IDEAS\Specifications\Thermal/ThermalSystemModel.tex
Chapter 3.

Underfull \hbox (badness 1178) in paragraph at lines 33--34
[][][]\T1/lmr/m/n/9 (+10) Buffer tank (no in-ter-nal heat ex-chang-ers) com-pos
ed of an ar-ray of in-ter-con-
 []


Overfull \hbox (8.88885pt too wide) has occurred while \output is active
[][]    []
 []


Overfull \hbox (8.88885pt too wide) has occurred while \output is active
[][]    []
 []

[17



]
Overfull \hbox (8.88885pt too wide) has occurred while \output is active
[][]    []
 []


Overfull \hbox (8.88885pt too wide) has occurred while \output is active
[][]    []
 []

[18]
<Thermal/images/Validation_Vitocell100V390l_ChargingTimeEndTemperatures_NonLine
ar.png, id=336, 850.6179pt x 698.8509pt>
File: Thermal/images/Validation_Vitocell100V390l_ChargingTimeEndTemperatures_No
nLinear.png Graphic file (type png)

<use Thermal/images/Validation_Vitocell100V390l_ChargingTimeEndTemperatures_Non
Linear.png>
<Thermal/images/Validation_Vitocell100V390l_ChargingTimeEndTemperatures_nonlin_
10nodes.png, id=338, 863.6265pt x 469.755pt>
File: Thermal/images/Validation_Vitocell100V390l_ChargingTimeEndTemperatures_no
nlin_10nodes.png Graphic file (type png)

<use Thermal/images/Validation_Vitocell100V390l_ChargingTimeEndTemperatures_non
lin_10nodes.png>
Overfull \hbox (8.88885pt too wide) has occurred while \output is active
[][]    []
 []


Overfull \hbox (8.88885pt too wide) has occurred while \output is active
[][]    []
 []

[19]
Overfull \hbox (8.88885pt too wide) has occurred while \output is active
[][]    []
 []


Overfull \hbox (8.88885pt too wide) has occurred while \output is active
[][]    []
 []

[20 <E:/3_PhD/3_Modelica/IDEAS/Specifications/Thermal/images/Validation_Vitocel
l100V390l_ChargingTimeEndTemperatures_NonLinear.png>]
Overfull \hbox (8.88885pt too wide) has occurred while \output is active
[][]    []
 []


Overfull \hbox (8.88885pt too wide) has occurred while \output is active
[][]    []
 []

[21 <E:/3_PhD/3_Modelica/IDEAS/Specifications/Thermal/images/Validation_Vitocel
l100V390l_ChargingTimeEndTemperatures_nonlin_10nodes.png>])
Overfull \hbox (8.88885pt too wide) has occurred while \output is active
[][]    []
 []


Overfull \hbox (8.88885pt too wide) has occurred while \output is active
[][]    []
 []

[22] (E:\3_PhD\3_Modelica\IDEAS\Specifications\Electric/ElectricSystemModel.tex
Chapter 4.
LaTeX Font Info:    Try loading font information for OMS+lmr on input line 21.
("C:\Program Files\MiKTeX\tex\latex\lm\omslmr.fd"
File: omslmr.fd 2009/10/30 v1.6 Font defs for Latin Modern
)
LaTeX Font Info:    Font shape `OMS/lmr/m/n' in size <9> not available
(Font)              Font shape `OMS/lmsy/m/n' tried instead on input line 21.


Package caption Warning: \label before \caption on input line 31.
See the caption package documentation for explanation.


LaTeX Warning: Reference `fig:5param_equiv' on page 23 undefined on input line 
27.

<Electric/MyGraphics/5param_eq.png, id=387, 465.74pt x 192.72pt>
File: Electric/MyGraphics/5param_eq.png Graphic file (type png)

<use Electric/MyGraphics/5param_eq.png>

LaTeX Warning: Reference `chap:climate' on page 23 undefined on input line 36.


Overfull \hbox (8.88885pt too wide) has occurred while \output is active
[][]    []
 []


Overfull \hbox (8.88885pt too wide) has occurred while \output is active
[][]    []
 []

[23



]
Overfull \hbox (8.88885pt too wide) has occurred while \output is active
[][]    []
 []


Overfull \hbox (8.88885pt too wide) has occurred while \output is active
[][]    []
 []

[24 <E:/3_PhD/3_Modelica/IDEAS/Specifications/Electric/MyGraphics/5param_eq.png
 (PNG copy)>]
Overfull \hbox (8.88885pt too wide) has occurred while \output is active
[][]    []
 []


Overfull \hbox (8.88885pt too wide) has occurred while \output is active
[][]    []
 []

[25]
Overfull \hbox (8.88885pt too wide) has occurred while \output is active
[][]    []
 []


Overfull \hbox (8.88885pt too wide) has occurred while \output is active
[][]    []
 []

[26]
Overfull \hbox (8.88885pt too wide) has occurred while \output is active
[][]    []
 []


Overfull \hbox (8.88885pt too wide) has occurred while \output is active
[][]    []
 []

[27] <Electric/MyGraphics/grid_ieee34.png, id=472, 716.6775pt x 226.8475pt>
File: Electric/MyGraphics/grid_ieee34.png Graphic file (type png)

<use Electric/MyGraphics/grid_ieee34.png>
Overfull \hbox (8.88885pt too wide) has occurred while \output is active
[][]    []
 []


Overfull \hbox (8.88885pt too wide) has occurred while \output is active
[][]    []
 []

[28 <E:/3_PhD/3_Modelica/IDEAS/Specifications/Electric/MyGraphics/grid_ieee34.p
ng>]
Overfull \hbox (8.88885pt too wide) has occurred while \output is active
[][]    []
 []


Overfull \hbox (8.88885pt too wide) has occurred while \output is active
[][]    []
 []

[29]
Overfull \hbox (8.88885pt too wide) has occurred while \output is active
[][]    []
 []


Overfull \hbox (8.88885pt too wide) has occurred while \output is active
[][]    []
 []

[30]
<Electric/MyGraphics/trafo_equischeme.png, id=509, 371.88937pt x 224.33812pt>
File: Electric/MyGraphics/trafo_equischeme.png Graphic file (type png)

<use Electric/MyGraphics/trafo_equischeme.png>
Overfull \hbox (8.88885pt too wide) has occurred while \output is active
[][]    []
 []


Overfull \hbox (8.88885pt too wide) has occurred while \output is active
[][]    []
 []

[31 <E:/3_PhD/3_Modelica/IDEAS/Specifications/Electric/MyGraphics/trafo_equisch
eme.png (PNG copy)>])
Overfull \hbox (8.88885pt too wide) has occurred while \output is active
[][]    []
 []


Overfull \hbox (8.88885pt too wide) has occurred while \output is active
[][]    []
 []

[32]
Overfull \hbox (8.88885pt too wide) has occurred while \output is active
[][]    []
 []


Overfull \hbox (8.88885pt too wide) has occurred while \output is active
[][]    []
 []

[33


] [34]
Overfull \hbox (8.88885pt too wide) has occurred while \output is active
[][]    []
 []


Overfull \hbox (8.88885pt too wide) has occurred while \output is active
[][]    []
 []

[35

] [36] (E:\3_PhD\3_Modelica\IDEAS\Specifications\Specs.bbl
(E:\3_PhD\3_Modelica\IDEAS\Specifications\Specs.brf)
\tf@brf=\write7

Overfull \hbox (8.88885pt too wide) has occurred while \output is active
[][]    []
 []


Overfull \hbox (8.88885pt too wide) has occurred while \output is active
[][]    []
 []

[37])
Overfull \hbox (8.88885pt too wide) has occurred while \output is active
[][]    []
 []


Overfull \hbox (8.88885pt too wide) has occurred while \output is active
[][]    []
 []

[38]

Package natbib Warning: There were undefined citations.

Package atveryend Info: Empty hook `BeforeClearDocument' on input line 101.
Package atveryend Info: Empty hook `AfterLastShipout' on input line 101.
(E:\3_PhD\3_Modelica\IDEAS\Specifications\Specs.aux
(E:\3_PhD\3_Modelica\IDEAS\Specifications\title/title.aux)
(E:\3_PhD\3_Modelica\IDEAS\Specifications\Climate/Climate.aux)
(E:\3_PhD\3_Modelica\IDEAS\Specifications\Buildings/BuildingModel.aux)
(E:\3_PhD\3_Modelica\IDEAS\Specifications\Thermal/ThermalSystemModel.aux)
(E:\3_PhD\3_Modelica\IDEAS\Specifications\Electric/ElectricSystemModel.aux))
Package atveryend Info: Executing hook `AtVeryEndDocument' on input line 101.
Package rerunfilecheck Info: File `Specs.out' has not changed.
(rerunfilecheck)             Checksum: B0E40FE394B25AFB8DB40AA8D6AE697F;412.
Package rerunfilecheck Info: File `Specs.brf' has not changed.
(rerunfilecheck)             Checksum: D5CAFAA913D8AC428171A146AE6960A8;2843.


LaTeX Warning: There were undefined references.


LaTeX Warning: There were multiply-defined labels.

 ) 
Here is how much of TeX's memory you used:
 30717 strings out of 494019
 648749 string characters out of 3148241
 845588 words of memory out of 3000000
 32883 multiletter control sequences out of 15000+200000
 116932 words of font info for 144 fonts, out of 3000000 for 9000
 714 hyphenation exceptions out of 8191
 63i,35n,76p,1604b,734s stack positions out of 5000i,500n,10000p,200000b,50000s
{C:/Program Files/MiKTeX/fonts/enc/dvips/lm/lm-ec.enc}{C:/Program Files/MiKTe
X/fonts/enc/dvips/lm/lm-mathsy.enc}{C:/Program Files/MiKTeX/fonts/enc/dvips/lm/
lm-mathit.enc}{C:/Program Files/MiKTeX/fonts/enc/dvips/lm/lm-rm.enc}{C:/Program
 Files/MiKTeX/fonts/enc/dvips/lm/lm-mathex.enc}{C:/Program Files/MiKTeX/fonts/e
nc/dvips/fontname/8r.enc}<C:/Program Files/MiKTeX/fonts/type1/bitstrea/charter/
bchb8a.pfb><C:/Program Files/MiKTeX/fonts/type1/public/lm/lmbx10.pfb><C:/Progra
m Files/MiKTeX/fonts/type1/public/lm/lmbx12.pfb><C:/Program Files/MiKTeX/fonts/
type1/public/lm/lmbx6.pfb><C:/Program Files/MiKTeX/fonts/type1/public/lm/lmbx9.
pfb><C:/Program Files/MiKTeX/fonts/type1/public/lm/lmcsc10.pfb><C:/Program File
s/MiKTeX/fonts/type1/public/lm/lmex10.pfb><C:/Program Files/MiKTeX/fonts/type1/
public/lm/lmmi5.pfb><C:/Program Files/MiKTeX/fonts/type1/public/lm/lmmi6.pfb><C
:/Program Files/MiKTeX/fonts/type1/public/lm/lmmi7.pfb><C:/Program Files/MiKTeX
/fonts/type1/public/lm/lmmi9.pfb><C:/Program Files/MiKTeX/fonts/type1/public/lm
/lmmib10.pfb><C:/Program Files/MiKTeX/fonts/type1/public/lm/lmr10.pfb><C:/Progr
am Files/MiKTeX/fonts/type1/public/lm/lmr12.pfb><C:/Program Files/MiKTeX/fonts/
type1/public/lm/lmr17.pfb><C:/Program Files/MiKTeX/fonts/type1/public/lm/lmr5.p
fb><C:/Program Files/MiKTeX/fonts/type1/public/lm/lmr6.pfb><C:/Program Files/Mi
KTeX/fonts/type1/public/lm/lmr7.pfb><C:/Program Files/MiKTeX/fonts/type1/public
/lm/lmr9.pfb><C:/Program Files/MiKTeX/fonts/type1/public/lm/lmri10.pfb><C:/Prog
ram Files/MiKTeX/fonts/type1/public/lm/lmri7.pfb><C:/Program Files/MiKTeX/fonts
/type1/public/lm/lmri9.pfb><C:/Program Files/MiKTeX/fonts/type1/public/lm/lmsy5
.pfb><C:/Program Files/MiKTeX/fonts/type1/public/lm/lmsy6.pfb><C:/Program Files
/MiKTeX/fonts/type1/public/lm/lmsy9.pfb><C:/Program Files/MiKTeX/fonts/type1/pu
blic/lm/lmtt9.pfb><C:/Program Files/MiKTeX/fonts/type1/public/amsfonts/symbols/
msam10.pfb>
Output written on Specs.pdf (42 pages, 830868 bytes).
PDF statistics:
 704 PDF objects out of 1000 (max. 8388607)
 241 named destinations out of 1000 (max. 500000)
 33396 words of extra memory for PDF output out of 35830 (max. 10000000)

